This file contains any messages produced by compilers while
running configure, to aid debugging if configure makes a mistake.

It was created by thunar-plugin configure 1.6.0, which was
generated by GNU Autoconf 2.68.  Invocation command line was

  $ ./configure 

## --------- ##
## Platform. ##
## --------- ##

hostname = susw-tp
uname -m = x86_64
uname -r = 3.8.0-27-generic
uname -s = Linux
uname -v = #40-Ubuntu SMP Tue Jul 9 00:17:05 UTC 2013

/usr/bin/uname -p = unknown
/bin/uname -X     = unknown

/bin/arch              = unknown
/usr/bin/arch -k       = unknown
/usr/convex/getsysinfo = unknown
/usr/bin/hostinfo      = unknown
/bin/machine           = unknown
/usr/bin/oslevel       = unknown
/bin/universe          = unknown

PATH: /usr/lib/lightdm/lightdm
PATH: /usr/local/sbin
PATH: /usr/local/bin
PATH: /usr/sbin
PATH: /usr/bin
PATH: /sbin
PATH: /bin
PATH: /usr/games
PATH: /usr/local/games


## ----------- ##
## Core tests. ##
## ----------- ##

configure:2266: checking for pkg-config
configure:2284: found /usr/bin/pkg-config
configure:2296: result: /usr/bin/pkg-config
configure:2321: checking pkg-config is at least version 0.9.0
configure:2324: result: yes
configure:2334: checking for GLIBDEPS
configure:2341: $PKG_CONFIG --exists --print-errors "glib-2.0"
configure:2344: $? = 0
configure:2358: $PKG_CONFIG --exists --print-errors "glib-2.0"
configure:2361: $? = 0
configure:2419: result: yes
configure:2425: checking for THUNARXDEPS
configure:2432: $PKG_CONFIG --exists --print-errors "thunarx-2"
configure:2435: $? = 0
configure:2449: $PKG_CONFIG --exists --print-errors "thunarx-2"
configure:2452: $? = 0
configure:2510: result: yes
configure:2573: checking build system type
configure:2587: result: x86_64-unknown-linux-gnu
configure:2607: checking host system type
configure:2620: result: x86_64-unknown-linux-gnu
configure:2661: checking how to print strings
configure:2688: result: printf
configure:2757: checking for gcc
configure:2773: found /usr/bin/gcc
configure:2784: result: gcc
configure:3013: checking for C compiler version
configure:3022: gcc --version >&5
gcc (Ubuntu/Linaro 4.7.3-1ubuntu1) 4.7.3
Copyright (C) 2012 Free Software Foundation, Inc.
This is free software; see the source for copying conditions.  There is NO
warranty; not even for MERCHANTABILITY or FITNESS FOR A PARTICULAR PURPOSE.

configure:3033: $? = 0
configure:3022: gcc -v >&5
Using built-in specs.
COLLECT_GCC=gcc
COLLECT_LTO_WRAPPER=/usr/lib/gcc/x86_64-linux-gnu/4.7/lto-wrapper
Target: x86_64-linux-gnu
Configured with: ../src/configure -v --with-pkgversion='Ubuntu/Linaro 4.7.3-1ubuntu1' --with-bugurl=file:///usr/share/doc/gcc-4.7/README.Bugs --enable-languages=c,c++,go,fortran,objc,obj-c++ --prefix=/usr --program-suffix=-4.7 --enable-shared --enable-linker-build-id --libexecdir=/usr/lib --without-included-gettext --enable-threads=posix --with-gxx-include-dir=/usr/include/c++/4.7 --libdir=/usr/lib --enable-nls --with-sysroot=/ --enable-clocale=gnu --enable-libstdcxx-debug --enable-libstdcxx-time=yes --enable-gnu-unique-object --enable-plugin --with-system-zlib --enable-objc-gc --with-cloog --enable-cloog-backend=ppl --disable-cloog-version-check --disable-ppl-version-check --enable-multiarch --disable-werror --with-arch-32=i686 --with-abi=m64 --with-multilib-list=m32,m64,mx32 --with-tune=generic --enable-checking=release --build=x86_64-linux-gnu --host=x86_64-linux-gnu --target=x86_64-linux-gnu
Thread model: posix
gcc version 4.7.3 (Ubuntu/Linaro 4.7.3-1ubuntu1) 
configure:3033: $? = 0
configure:3022: gcc -V >&5
gcc: error: unrecognized command line option '-V'
gcc: fatal error: no input files
compilation terminated.
configure:3033: $? = 4
configure:3022: gcc -qversion >&5
gcc: error: unrecognized command line option '-qversion'
gcc: fatal error: no input files
compilation terminated.
configure:3033: $? = 4
configure:3053: checking whether the C compiler works
configure:3075: gcc    conftest.c  >&5
configure:3079: $? = 0
configure:3127: result: yes
configure:3130: checking for C compiler default output file name
configure:3132: result: a.out
configure:3138: checking for suffix of executables
configure:3145: gcc -o conftest    conftest.c  >&5
configure:3149: $? = 0
configure:3171: result: 
configure:3193: checking whether we are cross compiling
configure:3201: gcc -o conftest    conftest.c  >&5
configure:3205: $? = 0
configure:3212: ./conftest
configure:3216: $? = 0
configure:3231: result: no
configure:3236: checking for suffix of object files
configure:3258: gcc -c   conftest.c >&5
configure:3262: $? = 0
configure:3283: result: o
configure:3287: checking whether we are using the GNU C compiler
configure:3306: gcc -c   conftest.c >&5
configure:3306: $? = 0
configure:3315: result: yes
configure:3324: checking whether gcc accepts -g
configure:3344: gcc -c -g  conftest.c >&5
configure:3344: $? = 0
configure:3385: result: yes
configure:3402: checking for gcc option to accept ISO C89
configure:3466: gcc  -c -g -O2  conftest.c >&5
configure:3466: $? = 0
configure:3479: result: none needed
configure:3499: checking for a sed that does not truncate output
configure:3563: result: /bin/sed
configure:3581: checking for grep that handles long lines and -e
configure:3639: result: /bin/grep
configure:3644: checking for egrep
configure:3706: result: /bin/grep -E
configure:3711: checking for fgrep
configure:3773: result: /bin/grep -F
configure:3808: checking for ld used by gcc
configure:3875: result: /usr/bin/ld
configure:3882: checking if the linker (/usr/bin/ld) is GNU ld
configure:3897: result: yes
configure:3909: checking for BSD- or MS-compatible name lister (nm)
configure:3958: result: /usr/bin/nm -B
configure:4088: checking the name lister (/usr/bin/nm -B) interface
configure:4095: gcc -c -g -O2  conftest.c >&5
configure:4098: /usr/bin/nm -B "conftest.o"
configure:4101: output
0000000000000000 B some_variable
configure:4108: result: BSD nm
configure:4111: checking whether ln -s works
configure:4115: result: yes
configure:4123: checking the maximum length of command line arguments
configure:4253: result: 1572864
configure:4270: checking whether the shell understands some XSI constructs
configure:4280: result: yes
configure:4284: checking whether the shell understands "+="
configure:4290: result: yes
configure:4325: checking how to convert x86_64-unknown-linux-gnu file names to x86_64-unknown-linux-gnu format
configure:4365: result: func_convert_file_noop
configure:4372: checking how to convert x86_64-unknown-linux-gnu file names to toolchain format
configure:4392: result: func_convert_file_noop
configure:4399: checking for /usr/bin/ld option to reload object files
configure:4406: result: -r
configure:4480: checking for objdump
configure:4496: found /usr/bin/objdump
configure:4507: result: objdump
configure:4539: checking how to recognize dependent libraries
configure:4741: result: pass_all
configure:4826: checking for dlltool
configure:4856: result: no
configure:4886: checking how to associate runtime and link libraries
configure:4913: result: printf %s\n
configure:4974: checking for ar
configure:4990: found /usr/bin/ar
configure:5001: result: ar
configure:5038: checking for archiver @FILE support
configure:5055: gcc -c -g -O2  conftest.c >&5
configure:5055: $? = 0
configure:5058: ar cru libconftest.a @conftest.lst >&5
configure:5061: $? = 0
configure:5066: ar cru libconftest.a @conftest.lst >&5
ar: conftest.o: No such file or directory
configure:5069: $? = 1
configure:5081: result: @
configure:5139: checking for strip
configure:5155: found /usr/bin/strip
configure:5166: result: strip
configure:5238: checking for ranlib
configure:5254: found /usr/bin/ranlib
configure:5265: result: ranlib
configure:5342: checking for gawk
configure:5358: found /usr/bin/gawk
configure:5369: result: gawk
configure:5409: checking command to parse /usr/bin/nm -B output from gcc object
configure:5529: gcc -c -g -O2  conftest.c >&5
configure:5532: $? = 0
configure:5536: /usr/bin/nm -B conftest.o \| sed -n -e 's/^.*[ ]\([ABCDGIRSTW][ABCDGIRSTW]*\)[ ][ ]*\([_A-Za-z][_A-Za-z0-9]*\)$/\1 \2 \2/p' | sed '/ __gnu_lto/d' \> conftest.nm
configure:5539: $? = 0
configure:5605: gcc -o conftest -g -O2   conftest.c conftstm.o >&5
configure:5608: $? = 0
configure:5646: result: ok
configure:5683: checking for sysroot
configure:5713: result: no
configure:5790: gcc -c -g -O2  conftest.c >&5
configure:5793: $? = 0
configure:5969: checking for mt
configure:5985: found /bin/mt
configure:5996: result: mt
configure:6019: checking if mt is a manifest tool
configure:6025: mt '-?'
configure:6033: result: no
configure:6675: checking how to run the C preprocessor
configure:6706: gcc -E  conftest.c
configure:6706: $? = 0
configure:6720: gcc -E  conftest.c
conftest.c:9:28: fatal error: ac_nonexistent.h: No such file or directory
compilation terminated.
configure:6720: $? = 1
configure: failed program was:
| /* confdefs.h */
| #define PACKAGE_NAME "thunar-plugin"
| #define PACKAGE_TARNAME "thunar-plugin"
| #define PACKAGE_VERSION "1.6.0"
| #define PACKAGE_STRING "thunar-plugin 1.6.0"
| #define PACKAGE_BUGREPORT "pagavcs@gmail.com"
| #define PACKAGE_URL ""
| /* end confdefs.h.  */
| #include <ac_nonexistent.h>
configure:6745: result: gcc -E
configure:6765: gcc -E  conftest.c
configure:6765: $? = 0
configure:6779: gcc -E  conftest.c
conftest.c:9:28: fatal error: ac_nonexistent.h: No such file or directory
compilation terminated.
configure:6779: $? = 1
configure: failed program was:
| /* confdefs.h */
| #define PACKAGE_NAME "thunar-plugin"
| #define PACKAGE_TARNAME "thunar-plugin"
| #define PACKAGE_VERSION "1.6.0"
| #define PACKAGE_STRING "thunar-plugin 1.6.0"
| #define PACKAGE_BUGREPORT "pagavcs@gmail.com"
| #define PACKAGE_URL ""
| /* end confdefs.h.  */
| #include <ac_nonexistent.h>
configure:6808: checking for ANSI C header files
configure:6828: gcc -c -g -O2  conftest.c >&5
configure:6828: $? = 0
configure:6901: gcc -o conftest -g -O2   conftest.c  >&5
configure:6901: $? = 0
configure:6901: ./conftest
configure:6901: $? = 0
configure:6912: result: yes
configure:6925: checking for sys/types.h
configure:6925: gcc -c -g -O2  conftest.c >&5
configure:6925: $? = 0
configure:6925: result: yes
configure:6925: checking for sys/stat.h
configure:6925: gcc -c -g -O2  conftest.c >&5
configure:6925: $? = 0
configure:6925: result: yes
configure:6925: checking for stdlib.h
configure:6925: gcc -c -g -O2  conftest.c >&5
configure:6925: $? = 0
configure:6925: result: yes
configure:6925: checking for string.h
configure:6925: gcc -c -g -O2  conftest.c >&5
configure:6925: $? = 0
configure:6925: result: yes
configure:6925: checking for memory.h
configure:6925: gcc -c -g -O2  conftest.c >&5
configure:6925: $? = 0
configure:6925: result: yes
configure:6925: checking for strings.h
configure:6925: gcc -c -g -O2  conftest.c >&5
configure:6925: $? = 0
configure:6925: result: yes
configure:6925: checking for inttypes.h
configure:6925: gcc -c -g -O2  conftest.c >&5
configure:6925: $? = 0
configure:6925: result: yes
configure:6925: checking for stdint.h
configure:6925: gcc -c -g -O2  conftest.c >&5
configure:6925: $? = 0
configure:6925: result: yes
configure:6925: checking for unistd.h
configure:6925: gcc -c -g -O2  conftest.c >&5
configure:6925: $? = 0
configure:6925: result: yes
configure:6939: checking for dlfcn.h
configure:6939: gcc -c -g -O2  conftest.c >&5
configure:6939: $? = 0
configure:6939: result: yes
configure:7145: checking for objdir
configure:7160: result: .libs
configure:7427: checking if gcc supports -fno-rtti -fno-exceptions
configure:7445: gcc -c -g -O2  -fno-rtti -fno-exceptions conftest.c >&5
cc1: warning: command line option '-fno-rtti' is valid for C++/ObjC++ but not for C [enabled by default]
configure:7449: $? = 0
configure:7462: result: no
configure:7789: checking for gcc option to produce PIC
configure:7796: result: -fPIC -DPIC
configure:7804: checking if gcc PIC flag -fPIC -DPIC works
configure:7822: gcc -c -g -O2  -fPIC -DPIC -DPIC conftest.c >&5
configure:7826: $? = 0
configure:7839: result: yes
configure:7868: checking if gcc static flag -static works
configure:7896: result: yes
configure:7911: checking if gcc supports -c -o file.o
configure:7932: gcc -c -g -O2  -o out/conftest2.o conftest.c >&5
configure:7936: $? = 0
configure:7958: result: yes
configure:7966: checking if gcc supports -c -o file.o
configure:8013: result: yes
configure:8046: checking whether the gcc linker (/usr/bin/ld -m elf_x86_64) supports shared libraries
configure:9203: result: yes
configure:9240: checking whether -lc should be explicitly linked in
configure:9248: gcc -c -g -O2  conftest.c >&5
configure:9251: $? = 0
configure:9266: gcc -shared  -fPIC -DPIC conftest.o  -v -Wl,-soname -Wl,conftest -o conftest 2\>\&1 \| /bin/grep  -lc  \>/dev/null 2\>\&1
configure:9269: $? = 0
configure:9283: result: no
configure:9443: checking dynamic linker characteristics
configure:9954: gcc -o conftest -g -O2   -Wl,-rpath -Wl,/foo conftest.c  >&5
configure:9954: $? = 0
configure:10188: result: GNU/Linux ld.so
configure:10295: checking how to hardcode library paths into programs
configure:10320: result: immediate
configure:10860: checking whether stripping libraries is possible
configure:10865: result: yes
configure:10900: checking if libtool supports shared libraries
configure:10902: result: yes
configure:10905: checking whether to build shared libraries
configure:10926: result: yes
configure:10929: checking whether to build static libraries
configure:10933: result: yes
configure:11008: checking for a BSD-compatible install
configure:11076: result: /usr/bin/install -c
configure:11087: checking whether build environment is sane
configure:11137: result: yes
configure:11278: checking for a thread-safe mkdir -p
configure:11317: result: /bin/mkdir -p
configure:11326: checking whether make sets $(MAKE)
configure:11348: result: yes
configure:11378: checking for style of include used by make
configure:11406: result: GNU
configure:11492: checking dependency style of gcc
configure:11603: result: gcc3
configure:11751: creating ./config.status

## ---------------------- ##
## Running config.status. ##
## ---------------------- ##

This file was extended by thunar-plugin config.status 1.6.0, which was
generated by GNU Autoconf 2.68.  Invocation command line was

  CONFIG_FILES    = 
  CONFIG_HEADERS  = 
  CONFIG_LINKS    = 
  CONFIG_COMMANDS = 
  $ ./config.status 

on susw-tp

config.status:1104: creating Makefile
config.status:1104: creating src/Makefile
config.status:1104: creating config.h
config.status:1285: config.h is unchanged
config.status:1333: executing libtool commands
config.status:1333: executing depfiles commands
configure:14040: checking for gcc
configure:14067: result: gcc
configure:14296: checking for C compiler version
configure:14305: gcc --version >&5
gcc (Ubuntu/Linaro 4.7.3-1ubuntu1) 4.7.3
Copyright (C) 2012 Free Software Foundation, Inc.
This is free software; see the source for copying conditions.  There is NO
warranty; not even for MERCHANTABILITY or FITNESS FOR A PARTICULAR PURPOSE.

configure:14316: $? = 0
configure:14305: gcc -v >&5
Using built-in specs.
COLLECT_GCC=gcc
COLLECT_LTO_WRAPPER=/usr/lib/gcc/x86_64-linux-gnu/4.7/lto-wrapper
Target: x86_64-linux-gnu
Configured with: ../src/configure -v --with-pkgversion='Ubuntu/Linaro 4.7.3-1ubuntu1' --with-bugurl=file:///usr/share/doc/gcc-4.7/README.Bugs --enable-languages=c,c++,go,fortran,objc,obj-c++ --prefix=/usr --program-suffix=-4.7 --enable-shared --enable-linker-build-id --libexecdir=/usr/lib --without-included-gettext --enable-threads=posix --with-gxx-include-dir=/usr/include/c++/4.7 --libdir=/usr/lib --enable-nls --with-sysroot=/ --enable-clocale=gnu --enable-libstdcxx-debug --enable-libstdcxx-time=yes --enable-gnu-unique-object --enable-plugin --with-system-zlib --enable-objc-gc --with-cloog --enable-cloog-backend=ppl --disable-cloog-version-check --disable-ppl-version-check --enable-multiarch --disable-werror --with-arch-32=i686 --with-abi=m64 --with-multilib-list=m32,m64,mx32 --with-tune=generic --enable-checking=release --build=x86_64-linux-gnu --host=x86_64-linux-gnu --target=x86_64-linux-gnu
Thread model: posix
gcc version 4.7.3 (Ubuntu/Linaro 4.7.3-1ubuntu1) 
configure:14316: $? = 0
configure:14305: gcc -V >&5
gcc: error: unrecognized command line option '-V'
gcc: fatal error: no input files
compilation terminated.
configure:14316: $? = 4
configure:14305: gcc -qversion >&5
gcc: error: unrecognized command line option '-qversion'
gcc: fatal error: no input files
compilation terminated.
configure:14316: $? = 4
configure:14320: checking whether we are using the GNU C compiler
configure:14348: result: yes
configure:14357: checking whether gcc accepts -g
configure:14418: result: yes
configure:14435: checking for gcc option to accept ISO C89
configure:14512: result: none needed
configure:14576: checking for ranlib
configure:14603: result: ranlib
configure:14626: checking whether gcc and cc understand -c and -o together
configure:14657: gcc -c conftest.c -o conftest2.o >&5
configure:14661: $? = 0
configure:14667: gcc -c conftest.c -o conftest2.o >&5
configure:14671: $? = 0
configure:14682: cc -c conftest.c >&5
configure:14686: $? = 0
configure:14694: cc -c conftest.c -o conftest2.o >&5
configure:14698: $? = 0
configure:14704: cc -c conftest.c -o conftest2.o >&5
configure:14708: $? = 0
configure:14726: result: yes
configure:14758: checking for memory.h
configure:14758: result: yes
configure:14758: checking for string.h
configure:14758: result: yes
configure:14907: creating ./config.status

## ---------------------- ##
## Running config.status. ##
## ---------------------- ##

This file was extended by thunar-plugin config.status 1.6.0, which was
generated by GNU Autoconf 2.68.  Invocation command line was

  CONFIG_FILES    = 
  CONFIG_HEADERS  = 
  CONFIG_LINKS    = 
  CONFIG_COMMANDS = 
  $ ./config.status 

on susw-tp

config.status:1107: creating Makefile
config.status:1107: creating src/Makefile
config.status:1107: creating config.h
config.status:1288: config.h is unchanged
config.status:1336: executing libtool commands
config.status:1336: executing depfiles commands

## ---------------- ##
## Cache variables. ##
## ---------------- ##

ac_cv_build=x86_64-unknown-linux-gnu
ac_cv_c_compiler_gnu=yes
ac_cv_env_CC_set=
ac_cv_env_CC_value=
ac_cv_env_CFLAGS_set=
ac_cv_env_CFLAGS_value=
ac_cv_env_CPPFLAGS_set=
ac_cv_env_CPPFLAGS_value=
ac_cv_env_CPP_set=
ac_cv_env_CPP_value=
ac_cv_env_GLIBDEPS_CFLAGS_set=
ac_cv_env_GLIBDEPS_CFLAGS_value=
ac_cv_env_GLIBDEPS_LIBS_set=
ac_cv_env_GLIBDEPS_LIBS_value=
ac_cv_env_LDFLAGS_set=
ac_cv_env_LDFLAGS_value=
ac_cv_env_LIBS_set=
ac_cv_env_LIBS_value=
ac_cv_env_PKG_CONFIG_LIBDIR_set=
ac_cv_env_PKG_CONFIG_LIBDIR_value=
ac_cv_env_PKG_CONFIG_PATH_set=
ac_cv_env_PKG_CONFIG_PATH_value=
ac_cv_env_PKG_CONFIG_set=
ac_cv_env_PKG_CONFIG_value=
ac_cv_env_THUNARXDEPS_CFLAGS_set=
ac_cv_env_THUNARXDEPS_CFLAGS_value=
ac_cv_env_THUNARXDEPS_LIBS_set=
ac_cv_env_THUNARXDEPS_LIBS_value=
ac_cv_env_build_alias_set=
ac_cv_env_build_alias_value=
ac_cv_env_host_alias_set=
ac_cv_env_host_alias_value=
ac_cv_env_target_alias_set=
ac_cv_env_target_alias_value=
ac_cv_header_dlfcn_h=yes
ac_cv_header_inttypes_h=yes
ac_cv_header_memory_h=yes
ac_cv_header_stdc=yes
ac_cv_header_stdint_h=yes
ac_cv_header_stdlib_h=yes
ac_cv_header_string_h=yes
ac_cv_header_strings_h=yes
ac_cv_header_sys_stat_h=yes
ac_cv_header_sys_types_h=yes
ac_cv_header_unistd_h=yes
ac_cv_host=x86_64-unknown-linux-gnu
ac_cv_objext=o
ac_cv_path_EGREP='/bin/grep -E'
ac_cv_path_FGREP='/bin/grep -F'
ac_cv_path_GREP=/bin/grep
ac_cv_path_SED=/bin/sed
ac_cv_path_ac_pt_PKG_CONFIG=/usr/bin/pkg-config
ac_cv_path_install='/usr/bin/install -c'
ac_cv_path_mkdir=/bin/mkdir
ac_cv_prog_AWK=gawk
ac_cv_prog_CPP='gcc -E'
ac_cv_prog_ac_ct_AR=ar
ac_cv_prog_ac_ct_CC=gcc
ac_cv_prog_ac_ct_MANIFEST_TOOL=mt
ac_cv_prog_ac_ct_OBJDUMP=objdump
ac_cv_prog_ac_ct_RANLIB=ranlib
ac_cv_prog_ac_ct_STRIP=strip
ac_cv_prog_cc_c89=
ac_cv_prog_cc_g=yes
ac_cv_prog_cc_gcc_c_o=yes
ac_cv_prog_make_make_set=yes
am_cv_CC_dependencies_compiler_type=gcc3
lt_cv_ar_at_file=@
lt_cv_archive_cmds_need_lc=no
lt_cv_deplibs_check_method=pass_all
lt_cv_file_magic_cmd='$MAGIC_CMD'
lt_cv_file_magic_test_file=
lt_cv_ld_reload_flag=-r
lt_cv_nm_interface='BSD nm'
lt_cv_objdir=.libs
lt_cv_path_LD=/usr/bin/ld
lt_cv_path_NM='/usr/bin/nm -B'
lt_cv_path_mainfest_tool=no
lt_cv_prog_compiler_c_o=yes
lt_cv_prog_compiler_pic='-fPIC -DPIC'
lt_cv_prog_compiler_pic_works=yes
lt_cv_prog_compiler_rtti_exceptions=no
lt_cv_prog_compiler_static_works=yes
lt_cv_prog_gnu_ld=yes
lt_cv_sharedlib_from_linklib_cmd='printf %s\n'
lt_cv_shlibpath_overrides_runpath=no
lt_cv_sys_global_symbol_pipe='sed -n -e '\''s/^.*[	 ]\([ABCDGIRSTW][ABCDGIRSTW]*\)[	 ][	 ]*\([_A-Za-z][_A-Za-z0-9]*\)$/\1 \2 \2/p'\'' | sed '\''/ __gnu_lto/d'\'''
lt_cv_sys_global_symbol_to_c_name_address='sed -n -e '\''s/^: \([^ ]*\)[ ]*$/  {\"\1\", (void *) 0},/p'\'' -e '\''s/^[ABCDGIRSTW]* \([^ ]*\) \([^ ]*\)$/  {"\2", (void *) \&\2},/p'\'''
lt_cv_sys_global_symbol_to_c_name_address_lib_prefix='sed -n -e '\''s/^: \([^ ]*\)[ ]*$/  {\"\1\", (void *) 0},/p'\'' -e '\''s/^[ABCDGIRSTW]* \([^ ]*\) \(lib[^ ]*\)$/  {"\2", (void *) \&\2},/p'\'' -e '\''s/^[ABCDGIRSTW]* \([^ ]*\) \([^ ]*\)$/  {"lib\2", (void *) \&\2},/p'\'''
lt_cv_sys_global_symbol_to_cdecl='sed -n -e '\''s/^T .* \(.*\)$/extern int \1();/p'\'' -e '\''s/^[ABCDGIRSTW]* .* \(.*\)$/extern char \1;/p'\'''
lt_cv_sys_max_cmd_len=1572864
lt_cv_to_host_file_cmd=func_convert_file_noop
lt_cv_to_tool_file_cmd=func_convert_file_noop
pkg_cv_GLIBDEPS_CFLAGS='-I/usr/include/glib-2.0 -I/usr/lib/x86_64-linux-gnu/glib-2.0/include  '
pkg_cv_GLIBDEPS_LIBS='-lglib-2.0  '
pkg_cv_THUNARXDEPS_CFLAGS='-pthread -I/usr/include/thunarx-2 -I/usr/include/gtk-2.0 -I/usr/lib/x86_64-linux-gnu/gtk-2.0/include -I/usr/include/atk-1.0 -I/usr/include/cairo -I/usr/include/gdk-pixbuf-2.0 -I/usr/include/pango-1.0 -I/usr/include/gio-unix-2.0/ -I/usr/include/glib-2.0 -I/usr/lib/x86_64-linux-gnu/glib-2.0/include -I/usr/include/pixman-1 -I/usr/include/freetype2 -I/usr/include/libpng12 -I/usr/include/harfbuzz  '
pkg_cv_THUNARXDEPS_LIBS='-lthunarx-2 -lgtk-x11-2.0 -lgdk-x11-2.0 -latk-1.0 -lgio-2.0 -lpangoft2-1.0 -lpangocairo-1.0 -lgdk_pixbuf-2.0 -lcairo -lpango-1.0 -lfreetype -lfontconfig -lgobject-2.0 -lglib-2.0  '

## ----------------- ##
## Output variables. ##
## ----------------- ##

ACLOCAL='${SHELL} /home/susw/projects/pagavcs/branches/1.7/thunar-pagavcs/missing --run aclocal-1.11'
AMDEPBACKSLASH='\'
AMDEP_FALSE='#'
AMDEP_TRUE=''
AMTAR='$${TAR-tar}'
AR='ar'
AUTOCONF='${SHELL} /home/susw/projects/pagavcs/branches/1.7/thunar-pagavcs/missing --run autoconf'
AUTOHEADER='${SHELL} /home/susw/projects/pagavcs/branches/1.7/thunar-pagavcs/missing --run autoheader'
AUTOMAKE='${SHELL} /home/susw/projects/pagavcs/branches/1.7/thunar-pagavcs/missing --run automake-1.11'
AWK='gawk'
CC='gcc'
CCDEPMODE='depmode=gcc3'
CFLAGS='-g -O2'
CPP='gcc -E'
CPPFLAGS=''
CYGPATH_W='echo'
DEFS='-DHAVE_CONFIG_H'
DEPDIR='.deps'
DLLTOOL='false'
DSYMUTIL=''
DUMPBIN=''
ECHO_C=''
ECHO_N='-n'
ECHO_T=''
EGREP='/bin/grep -E'
EXEEXT=''
FGREP='/bin/grep -F'
GLIBDEPS_CFLAGS='-I/usr/include/glib-2.0 -I/usr/lib/x86_64-linux-gnu/glib-2.0/include  '
GLIBDEPS_LIBS='-lglib-2.0  '
GREP='/bin/grep'
INSTALL_DATA='${INSTALL} -m 644'
INSTALL_PROGRAM='${INSTALL}'
INSTALL_SCRIPT='${INSTALL}'
INSTALL_STRIP_PROGRAM='$(install_sh) -c -s'
LD='/usr/bin/ld -m elf_x86_64'
LDFLAGS=''
LIBOBJS=''
LIBS=''
LIBTOOL='$(SHELL) $(top_builddir)/libtool'
LIPO=''
LN_S='ln -s'
LTLIBOBJS=''
MAKEINFO='${SHELL} /home/susw/projects/pagavcs/branches/1.7/thunar-pagavcs/missing --run makeinfo'
MANIFEST_TOOL=':'
MKDIR_P='/bin/mkdir -p'
NM='/usr/bin/nm -B'
NMEDIT=''
OBJDUMP='objdump'
OBJEXT='o'
OTOOL64=''
OTOOL=''
PACKAGE='thunar-plugin'
PACKAGE_BUGREPORT='pagavcs@gmail.com'
PACKAGE_NAME='thunar-plugin'
PACKAGE_STRING='thunar-plugin 1.6.0'
PACKAGE_TARNAME='thunar-plugin'
PACKAGE_URL=''
PACKAGE_VERSION='1.6.0'
PATH_SEPARATOR=':'
PKG_CONFIG='/usr/bin/pkg-config'
PKG_CONFIG_LIBDIR=''
PKG_CONFIG_PATH=''
RANLIB='ranlib'
SED='/bin/sed'
SET_MAKE=''
SHELL='/bin/bash'
STRIP='strip'
THUNARXDEPS_CFLAGS='-pthread -I/usr/include/thunarx-2 -I/usr/include/gtk-2.0 -I/usr/lib/x86_64-linux-gnu/gtk-2.0/include -I/usr/include/atk-1.0 -I/usr/include/cairo -I/usr/include/gdk-pixbuf-2.0 -I/usr/include/pango-1.0 -I/usr/include/gio-unix-2.0/ -I/usr/include/glib-2.0 -I/usr/lib/x86_64-linux-gnu/glib-2.0/include -I/usr/include/pixman-1 -I/usr/include/freetype2 -I/usr/include/libpng12 -I/usr/include/harfbuzz  '
THUNARXDEPS_LIBS='-lthunarx-2 -lgtk-x11-2.0 -lgdk-x11-2.0 -latk-1.0 -lgio-2.0 -lpangoft2-1.0 -lpangocairo-1.0 -lgdk_pixbuf-2.0 -lcairo -lpango-1.0 -lfreetype -lfontconfig -lgobject-2.0 -lglib-2.0  '
THUNARX_API_VERSION='2'
THUNARX_EXTENSION_DIR='/usr/lib/x86_64-linux-gnu/thunarx-2'
THUNARX_LIBDIR='/usr/lib/x86_64-linux-gnu'
VERSION='1.6.0'
ac_ct_AR='ar'
ac_ct_CC='gcc'
ac_ct_DUMPBIN=''
am__EXEEXT_FALSE=''
am__EXEEXT_TRUE='#'
am__fastdepCC_FALSE='#'
am__fastdepCC_TRUE=''
am__include='include'
am__isrc=''
am__leading_dot='.'
am__nodep='_no'
am__quote=''
am__tar='$${TAR-tar} chof - "$$tardir"'
am__untar='$${TAR-tar} xf -'
bindir='${exec_prefix}/bin'
build='x86_64-unknown-linux-gnu'
build_alias=''
build_cpu='x86_64'
build_os='linux-gnu'
build_vendor='unknown'
datadir='${datarootdir}'
datarootdir='${prefix}/share'
docdir='${datarootdir}/doc/${PACKAGE_TARNAME}'
dvidir='${docdir}'
exec_prefix='${prefix}'
host='x86_64-unknown-linux-gnu'
host_alias=''
host_cpu='x86_64'
host_os='linux-gnu'
host_vendor='unknown'
htmldir='${docdir}'
includedir='${prefix}/include'
infodir='${datarootdir}/info'
install_sh='${SHELL} /home/susw/projects/pagavcs/branches/1.7/thunar-pagavcs/install-sh'
libdir='${exec_prefix}/lib'
libexecdir='${exec_prefix}/libexec'
localedir='${datarootdir}/locale'
localstatedir='${prefix}/var'
mandir='${datarootdir}/man'
mkdir_p='/bin/mkdir -p'
oldincludedir='/usr/include'
pdfdir='${docdir}'
prefix='/usr'
program_transform_name='s,x,x,'
psdir='${docdir}'
sbindir='${exec_prefix}/sbin'
sharedstatedir='${prefix}/com'
sysconfdir='${prefix}/etc'
target_alias=''

## ----------- ##
## confdefs.h. ##
## ----------- ##

/* confdefs.h */
#define PACKAGE_NAME "thunar-plugin"
#define PACKAGE_TARNAME "thunar-plugin"
#define PACKAGE_VERSION "1.6.0"
#define PACKAGE_STRING "thunar-plugin 1.6.0"
#define PACKAGE_BUGREPORT "pagavcs@gmail.com"
#define PACKAGE_URL ""
#define STDC_HEADERS 1
#define HAVE_SYS_TYPES_H 1
#define HAVE_SYS_STAT_H 1
#define HAVE_STDLIB_H 1
#define HAVE_STRING_H 1
#define HAVE_MEMORY_H 1
#define HAVE_STRINGS_H 1
#define HAVE_INTTYPES_H 1
#define HAVE_STDINT_H 1
#define HAVE_UNISTD_H 1
#define HAVE_DLFCN_H 1
#define LT_OBJDIR ".libs/"
#define THUNARX_LIBDIR "/usr/lib/x86_64-linux-gnu"
#define THUNARX_EXTENSION_DIR "/usr/lib/x86_64-linux-gnu/thunarx-2"
#define PACKAGE "thunar-plugin"
#define VERSION "1.6.0"
#define HAVE_MEMORY_H 1
#define HAVE_STRING_H 1

configure: exit 0
