This file contains any messages produced by compilers while
running configure, to aid debugging if configure makes a mistake.

It was created by nautilus-pagavcs configure 1.7.1, which was
generated by GNU Autoconf 2.69.  Invocation command line was

  $ ./configure --enable-debug

## --------- ##
## Platform. ##
## --------- ##

hostname = susw-tp
uname -m = x86_64
uname -r = 3.11.0-4-generic
uname -s = Linux
uname -v = #9-Ubuntu SMP Mon Aug 26 15:21:06 UTC 2013

/usr/bin/uname -p = unknown
/bin/uname -X     = unknown

/bin/arch              = unknown
/usr/bin/arch -k       = unknown
/usr/convex/getsysinfo = unknown
/usr/bin/hostinfo      = unknown
/bin/machine           = unknown
/usr/bin/oslevel       = unknown
/bin/universe          = unknown

PATH: /usr/lib/lightdm/lightdm
PATH: /usr/local/sbin
PATH: /usr/local/bin
PATH: /usr/sbin
PATH: /usr/bin
PATH: /sbin
PATH: /bin
PATH: /usr/games
PATH: /usr/local/games


## ----------- ##
## Core tests. ##
## ----------- ##

configure:2192: checking for a BSD-compatible install
configure:2260: result: /usr/bin/install -c
configure:2271: checking whether build environment is sane
configure:2326: result: yes
configure:2477: checking for a thread-safe mkdir -p
configure:2516: result: /bin/mkdir -p
configure:2523: checking for gawk
configure:2539: found /usr/bin/gawk
configure:2550: result: gawk
configure:2561: checking whether make sets $(MAKE)
configure:2583: result: yes
configure:2612: checking whether make supports nested variables
configure:2629: result: yes
configure:2776: checking for gcc
configure:2792: found /usr/bin/gcc
configure:2803: result: gcc
configure:3032: checking for C compiler version
configure:3041: gcc --version >&5
gcc (Ubuntu/Linaro 4.8.1-10ubuntu1) 4.8.1
Copyright (C) 2013 Free Software Foundation, Inc.
This is free software; see the source for copying conditions.  There is NO
warranty; not even for MERCHANTABILITY or FITNESS FOR A PARTICULAR PURPOSE.

configure:3052: $? = 0
configure:3041: gcc -v >&5
Using built-in specs.
COLLECT_GCC=gcc
COLLECT_LTO_WRAPPER=/usr/lib/gcc/x86_64-linux-gnu/4.8/lto-wrapper
Target: x86_64-linux-gnu
Configured with: ../src/configure -v --with-pkgversion='Ubuntu/Linaro 4.8.1-10ubuntu1' --with-bugurl=file:///usr/share/doc/gcc-4.8/README.Bugs --enable-languages=c,c++,java,go,d,fortran,objc,obj-c++ --prefix=/usr --program-suffix=-4.8 --enable-shared --enable-linker-build-id --libexecdir=/usr/lib --without-included-gettext --enable-threads=posix --with-gxx-include-dir=/usr/include/c++/4.8 --libdir=/usr/lib --enable-nls --with-sysroot=/ --enable-clocale=gnu --enable-libstdcxx-debug --enable-libstdcxx-time=yes --enable-gnu-unique-object --enable-plugin --with-system-zlib --disable-browser-plugin --enable-java-awt=gtk --enable-gtk-cairo --with-java-home=/usr/lib/jvm/java-1.5.0-gcj-4.8-amd64/jre --enable-java-home --with-jvm-root-dir=/usr/lib/jvm/java-1.5.0-gcj-4.8-amd64 --with-jvm-jar-dir=/usr/lib/jvm-exports/java-1.5.0-gcj-4.8-amd64 --with-arch-directory=amd64 --with-ecj-jar=/usr/share/java/eclipse-ecj.jar --enable-objc-gc --enable-multiarch --disable-werror --with-arch-32=i686 --with-abi=m64 --with-multilib-list=m32,m64,mx32 --with-tune=generic --enable-checking=release --build=x86_64-linux-gnu --host=x86_64-linux-gnu --target=x86_64-linux-gnu
Thread model: posix
gcc version 4.8.1 (Ubuntu/Linaro 4.8.1-10ubuntu1) 
configure:3052: $? = 0
configure:3041: gcc -V >&5
gcc: error: unrecognized command line option '-V'
gcc: fatal error: no input files
compilation terminated.
configure:3052: $? = 4
configure:3041: gcc -qversion >&5
gcc: error: unrecognized command line option '-qversion'
gcc: fatal error: no input files
compilation terminated.
configure:3052: $? = 4
configure:3072: checking whether the C compiler works
configure:3094: gcc    conftest.c  >&5
configure:3098: $? = 0
configure:3146: result: yes
configure:3149: checking for C compiler default output file name
configure:3151: result: a.out
configure:3157: checking for suffix of executables
configure:3164: gcc -o conftest    conftest.c  >&5
configure:3168: $? = 0
configure:3190: result: 
configure:3212: checking whether we are cross compiling
configure:3220: gcc -o conftest    conftest.c  >&5
configure:3224: $? = 0
configure:3231: ./conftest
configure:3235: $? = 0
configure:3250: result: no
configure:3255: checking for suffix of object files
configure:3277: gcc -c   conftest.c >&5
configure:3281: $? = 0
configure:3302: result: o
configure:3306: checking whether we are using the GNU C compiler
configure:3325: gcc -c   conftest.c >&5
configure:3325: $? = 0
configure:3334: result: yes
configure:3343: checking whether gcc accepts -g
configure:3363: gcc -c -g  conftest.c >&5
configure:3363: $? = 0
configure:3404: result: yes
configure:3421: checking for gcc option to accept ISO C89
configure:3484: gcc  -c -g -O2  conftest.c >&5
configure:3484: $? = 0
configure:3497: result: none needed
configure:3528: checking for style of include used by make
configure:3556: result: GNU
configure:3582: checking dependency style of gcc
configure:3693: result: gcc3
configure:3737: checking build system type
configure:3751: result: x86_64-unknown-linux-gnu
configure:3771: checking host system type
configure:3784: result: x86_64-unknown-linux-gnu
configure:3825: checking how to print strings
configure:3852: result: printf
configure:3873: checking for a sed that does not truncate output
configure:3937: result: /bin/sed
configure:3955: checking for grep that handles long lines and -e
configure:4013: result: /bin/grep
configure:4018: checking for egrep
configure:4080: result: /bin/grep -E
configure:4085: checking for fgrep
configure:4147: result: /bin/grep -F
configure:4182: checking for ld used by gcc
configure:4249: result: /usr/bin/ld
configure:4256: checking if the linker (/usr/bin/ld) is GNU ld
configure:4271: result: yes
configure:4283: checking for BSD- or MS-compatible name lister (nm)
configure:4332: result: /usr/bin/nm -B
configure:4462: checking the name lister (/usr/bin/nm -B) interface
configure:4469: gcc -c -g -O2  conftest.c >&5
configure:4472: /usr/bin/nm -B "conftest.o"
configure:4475: output
0000000000000000 B some_variable
configure:4482: result: BSD nm
configure:4485: checking whether ln -s works
configure:4489: result: yes
configure:4497: checking the maximum length of command line arguments
configure:4628: result: 1572864
configure:4645: checking whether the shell understands some XSI constructs
configure:4655: result: yes
configure:4659: checking whether the shell understands "+="
configure:4665: result: yes
configure:4700: checking how to convert x86_64-unknown-linux-gnu file names to x86_64-unknown-linux-gnu format
configure:4740: result: func_convert_file_noop
configure:4747: checking how to convert x86_64-unknown-linux-gnu file names to toolchain format
configure:4767: result: func_convert_file_noop
configure:4774: checking for /usr/bin/ld option to reload object files
configure:4781: result: -r
configure:4855: checking for objdump
configure:4871: found /usr/bin/objdump
configure:4882: result: objdump
configure:4914: checking how to recognize dependent libraries
configure:5112: result: pass_all
configure:5197: checking for dlltool
configure:5227: result: no
configure:5257: checking how to associate runtime and link libraries
configure:5284: result: printf %s\n
configure:5345: checking for ar
configure:5361: found /usr/bin/ar
configure:5372: result: ar
configure:5409: checking for archiver @FILE support
configure:5426: gcc -c -g -O2  conftest.c >&5
configure:5426: $? = 0
configure:5429: ar cru libconftest.a @conftest.lst >&5
configure:5432: $? = 0
configure:5437: ar cru libconftest.a @conftest.lst >&5
ar: conftest.o: No such file or directory
configure:5440: $? = 1
configure:5452: result: @
configure:5510: checking for strip
configure:5526: found /usr/bin/strip
configure:5537: result: strip
configure:5609: checking for ranlib
configure:5625: found /usr/bin/ranlib
configure:5636: result: ranlib
configure:5738: checking command to parse /usr/bin/nm -B output from gcc object
configure:5858: gcc -c -g -O2  conftest.c >&5
configure:5861: $? = 0
configure:5865: /usr/bin/nm -B conftest.o \| sed -n -e 's/^.*[ ]\([ABCDGIRSTW][ABCDGIRSTW]*\)[ ][ ]*\([_A-Za-z][_A-Za-z0-9]*\)$/\1 \2 \2/p' | sed '/ __gnu_lto/d' \> conftest.nm
configure:5868: $? = 0
configure:5934: gcc -o conftest -g -O2   conftest.c conftstm.o >&5
configure:5937: $? = 0
configure:5975: result: ok
configure:6012: checking for sysroot
configure:6042: result: no
configure:6119: gcc -c -g -O2  conftest.c >&5
configure:6122: $? = 0
configure:6305: checking for mt
configure:6321: found /bin/mt
configure:6332: result: mt
configure:6355: checking if mt is a manifest tool
configure:6361: mt '-?'
configure:6369: result: no
configure:7011: checking how to run the C preprocessor
configure:7042: gcc -E  conftest.c
configure:7042: $? = 0
configure:7056: gcc -E  conftest.c
conftest.c:11:28: fatal error: ac_nonexistent.h: No such file or directory
 #include <ac_nonexistent.h>
                            ^
compilation terminated.
configure:7056: $? = 1
configure: failed program was:
| /* confdefs.h */
| #define PACKAGE_NAME "nautilus-pagavcs"
| #define PACKAGE_TARNAME "nautilus-pagavcs"
| #define PACKAGE_VERSION "1.7.1"
| #define PACKAGE_STRING "nautilus-pagavcs 1.7.1"
| #define PACKAGE_BUGREPORT ""
| #define PACKAGE_URL ""
| #define PACKAGE "nautilus-pagavcs"
| #define VERSION "1.7.1"
| /* end confdefs.h.  */
| #include <ac_nonexistent.h>
configure:7081: result: gcc -E
configure:7101: gcc -E  conftest.c
configure:7101: $? = 0
configure:7115: gcc -E  conftest.c
conftest.c:11:28: fatal error: ac_nonexistent.h: No such file or directory
 #include <ac_nonexistent.h>
                            ^
compilation terminated.
configure:7115: $? = 1
configure: failed program was:
| /* confdefs.h */
| #define PACKAGE_NAME "nautilus-pagavcs"
| #define PACKAGE_TARNAME "nautilus-pagavcs"
| #define PACKAGE_VERSION "1.7.1"
| #define PACKAGE_STRING "nautilus-pagavcs 1.7.1"
| #define PACKAGE_BUGREPORT ""
| #define PACKAGE_URL ""
| #define PACKAGE "nautilus-pagavcs"
| #define VERSION "1.7.1"
| /* end confdefs.h.  */
| #include <ac_nonexistent.h>
configure:7144: checking for ANSI C header files
configure:7164: gcc -c -g -O2  conftest.c >&5
configure:7164: $? = 0
configure:7237: gcc -o conftest -g -O2   conftest.c  >&5
configure:7237: $? = 0
configure:7237: ./conftest
configure:7237: $? = 0
configure:7248: result: yes
configure:7261: checking for sys/types.h
configure:7261: gcc -c -g -O2  conftest.c >&5
configure:7261: $? = 0
configure:7261: result: yes
configure:7261: checking for sys/stat.h
configure:7261: gcc -c -g -O2  conftest.c >&5
configure:7261: $? = 0
configure:7261: result: yes
configure:7261: checking for stdlib.h
configure:7261: gcc -c -g -O2  conftest.c >&5
configure:7261: $? = 0
configure:7261: result: yes
configure:7261: checking for string.h
configure:7261: gcc -c -g -O2  conftest.c >&5
configure:7261: $? = 0
configure:7261: result: yes
configure:7261: checking for memory.h
configure:7261: gcc -c -g -O2  conftest.c >&5
configure:7261: $? = 0
configure:7261: result: yes
configure:7261: checking for strings.h
configure:7261: gcc -c -g -O2  conftest.c >&5
configure:7261: $? = 0
configure:7261: result: yes
configure:7261: checking for inttypes.h
configure:7261: gcc -c -g -O2  conftest.c >&5
configure:7261: $? = 0
configure:7261: result: yes
configure:7261: checking for stdint.h
configure:7261: gcc -c -g -O2  conftest.c >&5
configure:7261: $? = 0
configure:7261: result: yes
configure:7261: checking for unistd.h
configure:7261: gcc -c -g -O2  conftest.c >&5
configure:7261: $? = 0
configure:7261: result: yes
configure:7275: checking for dlfcn.h
configure:7275: gcc -c -g -O2  conftest.c >&5
configure:7275: $? = 0
configure:7275: result: yes
configure:7481: checking for objdir
configure:7496: result: .libs
configure:7763: checking if gcc supports -fno-rtti -fno-exceptions
configure:7781: gcc -c -g -O2  -fno-rtti -fno-exceptions conftest.c >&5
cc1: warning: command line option '-fno-rtti' is valid for C++/ObjC++ but not for C [enabled by default]
configure:7785: $? = 0
configure:7798: result: no
configure:8125: checking for gcc option to produce PIC
configure:8132: result: -fPIC -DPIC
configure:8140: checking if gcc PIC flag -fPIC -DPIC works
configure:8158: gcc -c -g -O2  -fPIC -DPIC -DPIC conftest.c >&5
configure:8162: $? = 0
configure:8175: result: yes
configure:8204: checking if gcc static flag -static works
configure:8232: result: yes
configure:8247: checking if gcc supports -c -o file.o
configure:8268: gcc -c -g -O2  -o out/conftest2.o conftest.c >&5
configure:8272: $? = 0
configure:8294: result: yes
configure:8302: checking if gcc supports -c -o file.o
configure:8349: result: yes
configure:8382: checking whether the gcc linker (/usr/bin/ld -m elf_x86_64) supports shared libraries
configure:9539: result: yes
configure:9576: checking whether -lc should be explicitly linked in
configure:9584: gcc -c -g -O2  conftest.c >&5
configure:9587: $? = 0
configure:9602: gcc -shared  -fPIC -DPIC conftest.o  -v -Wl,-soname -Wl,conftest -o conftest 2\>\&1 \| /bin/grep  -lc  \>/dev/null 2\>\&1
configure:9605: $? = 0
configure:9619: result: no
configure:9779: checking dynamic linker characteristics
configure:10279: gcc -o conftest -g -O2   -Wl,-rpath -Wl,/foo conftest.c  >&5
configure:10279: $? = 0
configure:10513: result: GNU/Linux ld.so
configure:10620: checking how to hardcode library paths into programs
configure:10645: result: immediate
configure:11185: checking whether stripping libraries is possible
configure:11190: result: yes
configure:11225: checking if libtool supports shared libraries
configure:11227: result: yes
configure:11230: checking whether to build shared libraries
configure:11251: result: yes
configure:11254: checking whether to build static libraries
configure:11258: result: yes
configure:11299: checking for pkg-config
configure:11315: found /usr/bin/pkg-config
configure:11327: result: yes
configure:11337: checking for pkg-config
configure:11355: found /usr/bin/pkg-config
configure:11368: result: /usr/bin/pkg-config
configure:11489: checking pkg-config is at least version 0.9.0
configure:11492: result: yes
configure:11502: checking for NAUTILUS
configure:11509: $PKG_CONFIG --exists --print-errors "libnautilus-extension >= $NAUTILUS_REQUIRED"
configure:11512: $? = 0
configure:11526: $PKG_CONFIG --exists --print-errors "libnautilus-extension >= $NAUTILUS_REQUIRED"
configure:11529: $? = 0
configure:11587: result: yes
configure:11593: checking for GLIB
configure:11600: $PKG_CONFIG --exists --print-errors "glib-2.0 >= $GLIB_REQUIRED"
configure:11603: $? = 0
configure:11617: $PKG_CONFIG --exists --print-errors "glib-2.0 >= $GLIB_REQUIRED"
configure:11620: $? = 0
configure:11678: result: yes
configure:11721: checking for nautilus extension directory
configure:11732: result: /usr/lib/nautilus/extensions-3.0
configure:11870: checking that generated files are newer than configure
configure:11876: result: done
configure:11903: creating ./config.status

## ---------------------- ##
## Running config.status. ##
## ---------------------- ##

This file was extended by nautilus-pagavcs config.status 1.7.1, which was
generated by GNU Autoconf 2.69.  Invocation command line was

  CONFIG_FILES    = 
  CONFIG_HEADERS  = 
  CONFIG_LINKS    = 
  CONFIG_COMMANDS = 
  $ ./config.status 

on susw-tp

config.status:1098: creating Makefile
config.status:1098: creating src/Makefile
config.status:1098: creating config.h
config.status:1279: config.h is unchanged
config.status:1327: executing depfiles commands
config.status:1327: executing libtool commands

## ---------------- ##
## Cache variables. ##
## ---------------- ##

ac_cv_build=x86_64-unknown-linux-gnu
ac_cv_c_compiler_gnu=yes
ac_cv_env_CC_set=
ac_cv_env_CC_value=
ac_cv_env_CFLAGS_set=
ac_cv_env_CFLAGS_value=
ac_cv_env_CPPFLAGS_set=
ac_cv_env_CPPFLAGS_value=
ac_cv_env_CPP_set=
ac_cv_env_CPP_value=
ac_cv_env_GLIB_CFLAGS_set=
ac_cv_env_GLIB_CFLAGS_value=
ac_cv_env_GLIB_LIBS_set=
ac_cv_env_GLIB_LIBS_value=
ac_cv_env_LDFLAGS_set=
ac_cv_env_LDFLAGS_value=
ac_cv_env_LIBS_set=
ac_cv_env_LIBS_value=
ac_cv_env_NAUTILUS_CFLAGS_set=
ac_cv_env_NAUTILUS_CFLAGS_value=
ac_cv_env_NAUTILUS_LIBS_set=
ac_cv_env_NAUTILUS_LIBS_value=
ac_cv_env_PKG_CONFIG_LIBDIR_set=
ac_cv_env_PKG_CONFIG_LIBDIR_value=
ac_cv_env_PKG_CONFIG_PATH_set=
ac_cv_env_PKG_CONFIG_PATH_value=
ac_cv_env_PKG_CONFIG_set=
ac_cv_env_PKG_CONFIG_value=
ac_cv_env_build_alias_set=
ac_cv_env_build_alias_value=
ac_cv_env_host_alias_set=
ac_cv_env_host_alias_value=
ac_cv_env_target_alias_set=
ac_cv_env_target_alias_value=
ac_cv_header_dlfcn_h=yes
ac_cv_header_inttypes_h=yes
ac_cv_header_memory_h=yes
ac_cv_header_stdc=yes
ac_cv_header_stdint_h=yes
ac_cv_header_stdlib_h=yes
ac_cv_header_string_h=yes
ac_cv_header_strings_h=yes
ac_cv_header_sys_stat_h=yes
ac_cv_header_sys_types_h=yes
ac_cv_header_unistd_h=yes
ac_cv_host=x86_64-unknown-linux-gnu
ac_cv_objext=o
ac_cv_path_EGREP='/bin/grep -E'
ac_cv_path_FGREP='/bin/grep -F'
ac_cv_path_GREP=/bin/grep
ac_cv_path_PKG_CONFIG=/usr/bin/pkg-config
ac_cv_path_SED=/bin/sed
ac_cv_path_install='/usr/bin/install -c'
ac_cv_path_mkdir=/bin/mkdir
ac_cv_prog_AWK=gawk
ac_cv_prog_CPP='gcc -E'
ac_cv_prog_HAVE_PKGCONFIG=yes
ac_cv_prog_ac_ct_AR=ar
ac_cv_prog_ac_ct_CC=gcc
ac_cv_prog_ac_ct_MANIFEST_TOOL=mt
ac_cv_prog_ac_ct_OBJDUMP=objdump
ac_cv_prog_ac_ct_RANLIB=ranlib
ac_cv_prog_ac_ct_STRIP=strip
ac_cv_prog_cc_c89=
ac_cv_prog_cc_g=yes
ac_cv_prog_make_make_set=yes
am_cv_CC_dependencies_compiler_type=gcc3
am_cv_make_support_nested_variables=yes
lt_cv_ar_at_file=@
lt_cv_archive_cmds_need_lc=no
lt_cv_deplibs_check_method=pass_all
lt_cv_file_magic_cmd='$MAGIC_CMD'
lt_cv_file_magic_test_file=
lt_cv_ld_reload_flag=-r
lt_cv_nm_interface='BSD nm'
lt_cv_objdir=.libs
lt_cv_path_LD=/usr/bin/ld
lt_cv_path_NM='/usr/bin/nm -B'
lt_cv_path_mainfest_tool=no
lt_cv_prog_compiler_c_o=yes
lt_cv_prog_compiler_pic='-fPIC -DPIC'
lt_cv_prog_compiler_pic_works=yes
lt_cv_prog_compiler_rtti_exceptions=no
lt_cv_prog_compiler_static_works=yes
lt_cv_prog_gnu_ld=yes
lt_cv_sharedlib_from_linklib_cmd='printf %s\n'
lt_cv_shlibpath_overrides_runpath=no
lt_cv_sys_global_symbol_pipe='sed -n -e '\''s/^.*[	 ]\([ABCDGIRSTW][ABCDGIRSTW]*\)[	 ][	 ]*\([_A-Za-z][_A-Za-z0-9]*\)$/\1 \2 \2/p'\'' | sed '\''/ __gnu_lto/d'\'''
lt_cv_sys_global_symbol_to_c_name_address='sed -n -e '\''s/^: \([^ ]*\)[ ]*$/  {\"\1\", (void *) 0},/p'\'' -e '\''s/^[ABCDGIRSTW]* \([^ ]*\) \([^ ]*\)$/  {"\2", (void *) \&\2},/p'\'''
lt_cv_sys_global_symbol_to_c_name_address_lib_prefix='sed -n -e '\''s/^: \([^ ]*\)[ ]*$/  {\"\1\", (void *) 0},/p'\'' -e '\''s/^[ABCDGIRSTW]* \([^ ]*\) \(lib[^ ]*\)$/  {"\2", (void *) \&\2},/p'\'' -e '\''s/^[ABCDGIRSTW]* \([^ ]*\) \([^ ]*\)$/  {"lib\2", (void *) \&\2},/p'\'''
lt_cv_sys_global_symbol_to_cdecl='sed -n -e '\''s/^T .* \(.*\)$/extern int \1();/p'\'' -e '\''s/^[ABCDGIRSTW]* .* \(.*\)$/extern char \1;/p'\'''
lt_cv_sys_max_cmd_len=1572864
lt_cv_to_host_file_cmd=func_convert_file_noop
lt_cv_to_tool_file_cmd=func_convert_file_noop
pkg_cv_GLIB_CFLAGS='-I/usr/include/glib-2.0 -I/usr/lib/x86_64-linux-gnu/glib-2.0/include  '
pkg_cv_GLIB_LIBS='-lglib-2.0  '
pkg_cv_NAUTILUS_CFLAGS='-pthread -I/usr/include/glib-2.0 -I/usr/lib/x86_64-linux-gnu/glib-2.0/include -I/usr/include/gtk-3.0 -I/usr/include/atk-1.0 -I/usr/include/at-spi2-atk/2.0 -I/usr/include/pango-1.0 -I/usr/include/gio-unix-2.0/ -I/usr/include/cairo -I/usr/include/gdk-pixbuf-2.0 -I/usr/include/harfbuzz -I/usr/include/freetype2 -I/usr/include/pixman-1 -I/usr/include/libpng12 -I/usr/include/nautilus  '
pkg_cv_NAUTILUS_LIBS='-lnautilus-extension -lgtk-3 -lgdk-3 -latk-1.0 -lgio-2.0 -lpangocairo-1.0 -lgdk_pixbuf-2.0 -lcairo-gobject -lpango-1.0 -lcairo -lgobject-2.0 -lglib-2.0  '

## ----------------- ##
## Output variables. ##
## ----------------- ##

ACLOCAL='${SHELL} /home/susw/projects/pagavcs/branches/1.7/nautilus-pagavcs/missing aclocal-1.13'
AMDEPBACKSLASH='\'
AMDEP_FALSE='#'
AMDEP_TRUE=''
AMTAR='$${TAR-tar}'
AM_BACKSLASH='\'
AM_DEFAULT_V='$(AM_DEFAULT_VERBOSITY)'
AM_DEFAULT_VERBOSITY='1'
AM_V='$(V)'
AR='ar'
AUTOCONF='${SHELL} /home/susw/projects/pagavcs/branches/1.7/nautilus-pagavcs/missing autoconf'
AUTOHEADER='${SHELL} /home/susw/projects/pagavcs/branches/1.7/nautilus-pagavcs/missing autoheader'
AUTOMAKE='${SHELL} /home/susw/projects/pagavcs/branches/1.7/nautilus-pagavcs/missing automake-1.13'
AWK='gawk'
CC='gcc'
CCDEPMODE='depmode=gcc3'
CFLAGS='-g -O2'
CPP='gcc -E'
CPPFLAGS=''
CYGPATH_W='echo'
DEBUG_FALSE='#'
DEBUG_TRUE=''
DEFS='-DHAVE_CONFIG_H'
DEPDIR='.deps'
DLLTOOL='false'
DSYMUTIL=''
DUMPBIN=''
ECHO_C=''
ECHO_N='-n'
ECHO_T=''
EGREP='/bin/grep -E'
EXEEXT=''
FGREP='/bin/grep -F'
GLIB_CFLAGS='-I/usr/include/glib-2.0 -I/usr/lib/x86_64-linux-gnu/glib-2.0/include  '
GLIB_LIBS='-lglib-2.0  '
GREP='/bin/grep'
HAVE_PKGCONFIG='yes'
INSTALL_DATA='${INSTALL} -m 644'
INSTALL_PROGRAM='${INSTALL}'
INSTALL_SCRIPT='${INSTALL}'
INSTALL_STRIP_PROGRAM='$(install_sh) -c -s'
LD='/usr/bin/ld -m elf_x86_64'
LDFLAGS=''
LIBOBJS=''
LIBS=''
LIBTOOL='$(SHELL) $(top_builddir)/libtool'
LIPO=''
LN_S='ln -s'
LTLIBOBJS=''
MAKEINFO='${SHELL} /home/susw/projects/pagavcs/branches/1.7/nautilus-pagavcs/missing makeinfo'
MANIFEST_TOOL=':'
MKDIR_P='/bin/mkdir -p'
NAUTILUS_CFLAGS='-pthread -I/usr/include/glib-2.0 -I/usr/lib/x86_64-linux-gnu/glib-2.0/include -I/usr/include/gtk-3.0 -I/usr/include/atk-1.0 -I/usr/include/at-spi2-atk/2.0 -I/usr/include/pango-1.0 -I/usr/include/gio-unix-2.0/ -I/usr/include/cairo -I/usr/include/gdk-pixbuf-2.0 -I/usr/include/harfbuzz -I/usr/include/freetype2 -I/usr/include/pixman-1 -I/usr/include/libpng12 -I/usr/include/nautilus  '
NAUTILUS_EXTENSION_DIR='/usr/lib/nautilus/extensions-3.0'
NAUTILUS_LIBS='-lnautilus-extension -lgtk-3 -lgdk-3 -latk-1.0 -lgio-2.0 -lpangocairo-1.0 -lgdk_pixbuf-2.0 -lcairo-gobject -lpango-1.0 -lcairo -lgobject-2.0 -lglib-2.0  '
NM='/usr/bin/nm -B'
NMEDIT=''
OBJDUMP='objdump'
OBJEXT='o'
OTOOL64=''
OTOOL=''
PACKAGE='nautilus-pagavcs'
PACKAGE_BUGREPORT=''
PACKAGE_NAME='nautilus-pagavcs'
PACKAGE_STRING='nautilus-pagavcs 1.7.1'
PACKAGE_TARNAME='nautilus-pagavcs'
PACKAGE_URL=''
PACKAGE_VERSION='1.7.1'
PATH_SEPARATOR=':'
PKG_CONFIG='/usr/bin/pkg-config'
PKG_CONFIG_LIBDIR=''
PKG_CONFIG_PATH=''
RANLIB='ranlib'
SED='/bin/sed'
SET_MAKE=''
SHELL='/bin/bash'
STRIP='strip'
VERSION='1.7.1'
ac_ct_AR='ar'
ac_ct_CC='gcc'
ac_ct_DUMPBIN=''
am__EXEEXT_FALSE=''
am__EXEEXT_TRUE='#'
am__fastdepCC_FALSE='#'
am__fastdepCC_TRUE=''
am__include='include'
am__isrc=''
am__leading_dot='.'
am__nodep='_no'
am__quote=''
am__tar='$${TAR-tar} chof - "$$tardir"'
am__untar='$${TAR-tar} xf -'
bindir='${exec_prefix}/bin'
build='x86_64-unknown-linux-gnu'
build_alias=''
build_cpu='x86_64'
build_os='linux-gnu'
build_vendor='unknown'
datadir='${datarootdir}'
datarootdir='${prefix}/share'
docdir='${datarootdir}/doc/${PACKAGE_TARNAME}'
dvidir='${docdir}'
exec_prefix='${prefix}'
host='x86_64-unknown-linux-gnu'
host_alias=''
host_cpu='x86_64'
host_os='linux-gnu'
host_vendor='unknown'
htmldir='${docdir}'
includedir='${prefix}/include'
infodir='${datarootdir}/info'
install_sh='${SHELL} /home/susw/projects/pagavcs/branches/1.7/nautilus-pagavcs/install-sh'
libdir='${exec_prefix}/lib'
libexecdir='${exec_prefix}/libexec'
localedir='${datarootdir}/locale'
localstatedir='${prefix}/var'
mandir='${datarootdir}/man'
mkdir_p='$(MKDIR_P)'
oldincludedir='/usr/include'
pdfdir='${docdir}'
prefix='/usr'
program_transform_name='s,x,x,'
psdir='${docdir}'
sbindir='${exec_prefix}/sbin'
sharedstatedir='${prefix}/com'
sysconfdir='${prefix}/etc'
target_alias=''

## ----------- ##
## confdefs.h. ##
## ----------- ##

/* confdefs.h */
#define PACKAGE_NAME "nautilus-pagavcs"
#define PACKAGE_TARNAME "nautilus-pagavcs"
#define PACKAGE_VERSION "1.7.1"
#define PACKAGE_STRING "nautilus-pagavcs 1.7.1"
#define PACKAGE_BUGREPORT ""
#define PACKAGE_URL ""
#define PACKAGE "nautilus-pagavcs"
#define VERSION "1.7.1"
#define STDC_HEADERS 1
#define HAVE_SYS_TYPES_H 1
#define HAVE_SYS_STAT_H 1
#define HAVE_STDLIB_H 1
#define HAVE_STRING_H 1
#define HAVE_MEMORY_H 1
#define HAVE_STRINGS_H 1
#define HAVE_INTTYPES_H 1
#define HAVE_STDINT_H 1
#define HAVE_UNISTD_H 1
#define HAVE_DLFCN_H 1
#define LT_OBJDIR ".libs/"
#define NAUTILUS_VERSION_MAJOR 3
#define NAUTILUS_VERSION_MINOR 8
#define NAUTILUS_VERSION_MICRO 2

configure: exit 0
