This file contains any messages produced by compilers while
running configure, to aid debugging if configure makes a mistake.

It was created by thunar-plugin configure 1.5.2, which was
generated by GNU Autoconf 2.68.  Invocation command line was

  $ ./configure 

## --------- ##
## Platform. ##
## --------- ##

hostname = susw
uname -m = x86_64
uname -r = 3.0.0-14-generic
uname -s = Linux
uname -v = #23-Ubuntu SMP Mon Nov 21 20:28:43 UTC 2011

/usr/bin/uname -p = unknown
/bin/uname -X     = unknown

/bin/arch              = unknown
/usr/bin/arch -k       = unknown
/usr/convex/getsysinfo = unknown
/usr/bin/hostinfo      = unknown
/bin/machine           = unknown
/usr/bin/oslevel       = unknown
/bin/universe          = unknown

PATH: /usr/lib/lightdm/lightdm
PATH: /usr/local/sbin
PATH: /usr/local/bin
PATH: /usr/sbin
PATH: /usr/bin
PATH: /sbin
PATH: /bin
PATH: /usr/games


## ----------- ##
## Core tests. ##
## ----------- ##

configure:2265: checking for pkg-config
configure:2283: found /usr/bin/pkg-config
configure:2295: result: /usr/bin/pkg-config
configure:2320: checking pkg-config is at least version 0.9.0
configure:2323: result: yes
configure:2333: checking for GLIBDEPS
configure:2340: $PKG_CONFIG --exists --print-errors "glib-2.0"
configure:2343: $? = 0
configure:2357: $PKG_CONFIG --exists --print-errors "glib-2.0"
configure:2360: $? = 0
configure:2418: result: yes
configure:2424: checking for THUNARXDEPS
configure:2431: $PKG_CONFIG --exists --print-errors "thunarx-2"
configure:2434: $? = 0
configure:2448: $PKG_CONFIG --exists --print-errors "thunarx-2"
configure:2451: $? = 0
configure:2509: result: yes
configure:2572: checking build system type
configure:2586: result: x86_64-unknown-linux-gnu
configure:2606: checking host system type
configure:2619: result: x86_64-unknown-linux-gnu
configure:2660: checking how to print strings
configure:2687: result: printf
configure:2756: checking for gcc
configure:2772: found /usr/bin/gcc
configure:2783: result: gcc
configure:3012: checking for C compiler version
configure:3021: gcc --version >&5
gcc (Ubuntu/Linaro 4.6.1-9ubuntu3) 4.6.1
Copyright (C) 2011 Free Software Foundation, Inc.
This is free software; see the source for copying conditions.  There is NO
warranty; not even for MERCHANTABILITY or FITNESS FOR A PARTICULAR PURPOSE.

configure:3032: $? = 0
configure:3021: gcc -v >&5
Using built-in specs.
COLLECT_GCC=gcc
COLLECT_LTO_WRAPPER=/usr/lib/gcc/x86_64-linux-gnu/4.6.1/lto-wrapper
Target: x86_64-linux-gnu
Configured with: ../src/configure -v --with-pkgversion='Ubuntu/Linaro 4.6.1-9ubuntu3' --with-bugurl=file:///usr/share/doc/gcc-4.6/README.Bugs --enable-languages=c,c++,fortran,objc,obj-c++,go --prefix=/usr --program-suffix=-4.6 --enable-shared --enable-linker-build-id --with-system-zlib --libexecdir=/usr/lib --without-included-gettext --enable-threads=posix --with-gxx-include-dir=/usr/include/c++/4.6 --libdir=/usr/lib --enable-nls --with-sysroot=/ --enable-clocale=gnu --enable-libstdcxx-debug --enable-libstdcxx-time=yes --enable-plugin --enable-objc-gc --disable-werror --with-arch-32=i686 --with-tune=generic --enable-checking=release --build=x86_64-linux-gnu --host=x86_64-linux-gnu --target=x86_64-linux-gnu
Thread model: posix
gcc version 4.6.1 (Ubuntu/Linaro 4.6.1-9ubuntu3) 
configure:3032: $? = 0
configure:3021: gcc -V >&5
gcc: error: unrecognized option '-V'
gcc: fatal error: no input files
compilation terminated.
configure:3032: $? = 4
configure:3021: gcc -qversion >&5
gcc: error: unrecognized option '-qversion'
gcc: fatal error: no input files
compilation terminated.
configure:3032: $? = 4
configure:3052: checking whether the C compiler works
configure:3074: gcc    conftest.c  >&5
configure:3078: $? = 0
configure:3126: result: yes
configure:3129: checking for C compiler default output file name
configure:3131: result: a.out
configure:3137: checking for suffix of executables
configure:3144: gcc -o conftest    conftest.c  >&5
configure:3148: $? = 0
configure:3170: result: 
configure:3192: checking whether we are cross compiling
configure:3200: gcc -o conftest    conftest.c  >&5
configure:3204: $? = 0
configure:3211: ./conftest
configure:3215: $? = 0
configure:3230: result: no
configure:3235: checking for suffix of object files
configure:3257: gcc -c   conftest.c >&5
configure:3261: $? = 0
configure:3282: result: o
configure:3286: checking whether we are using the GNU C compiler
configure:3305: gcc -c   conftest.c >&5
configure:3305: $? = 0
configure:3314: result: yes
configure:3323: checking whether gcc accepts -g
configure:3343: gcc -c -g  conftest.c >&5
configure:3343: $? = 0
configure:3384: result: yes
configure:3401: checking for gcc option to accept ISO C89
configure:3465: gcc  -c -g -O2  conftest.c >&5
configure:3465: $? = 0
configure:3478: result: none needed
configure:3498: checking for a sed that does not truncate output
configure:3562: result: /bin/sed
configure:3580: checking for grep that handles long lines and -e
configure:3638: result: /bin/grep
configure:3643: checking for egrep
configure:3705: result: /bin/grep -E
configure:3710: checking for fgrep
configure:3772: result: /bin/grep -F
configure:3807: checking for ld used by gcc
configure:3874: result: /usr/bin/ld
configure:3881: checking if the linker (/usr/bin/ld) is GNU ld
configure:3896: result: yes
configure:3908: checking for BSD- or MS-compatible name lister (nm)
configure:3957: result: /usr/bin/nm -B
configure:4087: checking the name lister (/usr/bin/nm -B) interface
configure:4094: gcc -c -g -O2  conftest.c >&5
configure:4097: /usr/bin/nm -B "conftest.o"
configure:4100: output
0000000000000000 B some_variable
configure:4107: result: BSD nm
configure:4110: checking whether ln -s works
configure:4114: result: yes
configure:4122: checking the maximum length of command line arguments
configure:4247: result: 1572864
configure:4264: checking whether the shell understands some XSI constructs
configure:4274: result: yes
configure:4278: checking whether the shell understands "+="
configure:4284: result: yes
configure:4319: checking how to convert x86_64-unknown-linux-gnu file names to x86_64-unknown-linux-gnu format
configure:4359: result: func_convert_file_noop
configure:4366: checking how to convert x86_64-unknown-linux-gnu file names to toolchain format
configure:4386: result: func_convert_file_noop
configure:4393: checking for /usr/bin/ld option to reload object files
configure:4400: result: -r
configure:4474: checking for objdump
configure:4490: found /usr/bin/objdump
configure:4501: result: objdump
configure:4533: checking how to recognize dependent libraries
configure:4735: result: pass_all
configure:4820: checking for dlltool
configure:4850: result: no
configure:4880: checking how to associate runtime and link libraries
configure:4907: result: printf %s\n
configure:4968: checking for ar
configure:4984: found /usr/bin/ar
configure:4995: result: ar
configure:5032: checking for archiver @FILE support
configure:5049: gcc -c -g -O2  conftest.c >&5
configure:5049: $? = 0
configure:5052: ar cru libconftest.a @conftest.lst >&5
configure:5055: $? = 0
configure:5060: ar cru libconftest.a @conftest.lst >&5
ar: conftest.o: No such file or directory
configure:5063: $? = 1
configure:5075: result: @
configure:5133: checking for strip
configure:5149: found /usr/bin/strip
configure:5160: result: strip
configure:5232: checking for ranlib
configure:5248: found /usr/bin/ranlib
configure:5259: result: ranlib
configure:5336: checking for gawk
configure:5352: found /usr/bin/gawk
configure:5363: result: gawk
configure:5403: checking command to parse /usr/bin/nm -B output from gcc object
configure:5522: gcc -c -g -O2  conftest.c >&5
configure:5525: $? = 0
configure:5529: /usr/bin/nm -B conftest.o \| sed -n -e 's/^.*[ ]\([ABCDGIRSTW][ABCDGIRSTW]*\)[ ][ ]*\([_A-Za-z][_A-Za-z0-9]*\)$/\1 \2 \2/p' | sed '/ __gnu_lto/d' \> conftest.nm
configure:5532: $? = 0
configure:5598: gcc -o conftest -g -O2   conftest.c conftstm.o >&5
configure:5601: $? = 0
configure:5639: result: ok
configure:5676: checking for sysroot
configure:5706: result: no
configure:5783: gcc -c -g -O2  conftest.c >&5
configure:5786: $? = 0
configure:5949: checking for mt
configure:5965: found /bin/mt
configure:5976: result: mt
configure:5999: checking if mt is a manifest tool
configure:6005: mt '-?'
configure:6013: result: no
configure:6645: checking how to run the C preprocessor
configure:6676: gcc -E  conftest.c
configure:6676: $? = 0
configure:6690: gcc -E  conftest.c
conftest.c:9:28: fatal error: ac_nonexistent.h: No such file or directory
compilation terminated.
configure:6690: $? = 1
configure: failed program was:
| /* confdefs.h */
| #define PACKAGE_NAME "thunar-plugin"
| #define PACKAGE_TARNAME "thunar-plugin"
| #define PACKAGE_VERSION "1.5.2"
| #define PACKAGE_STRING "thunar-plugin 1.5.2"
| #define PACKAGE_BUGREPORT "pagavcs@gmail.com"
| #define PACKAGE_URL ""
| /* end confdefs.h.  */
| #include <ac_nonexistent.h>
configure:6715: result: gcc -E
configure:6735: gcc -E  conftest.c
configure:6735: $? = 0
configure:6749: gcc -E  conftest.c
conftest.c:9:28: fatal error: ac_nonexistent.h: No such file or directory
compilation terminated.
configure:6749: $? = 1
configure: failed program was:
| /* confdefs.h */
| #define PACKAGE_NAME "thunar-plugin"
| #define PACKAGE_TARNAME "thunar-plugin"
| #define PACKAGE_VERSION "1.5.2"
| #define PACKAGE_STRING "thunar-plugin 1.5.2"
| #define PACKAGE_BUGREPORT "pagavcs@gmail.com"
| #define PACKAGE_URL ""
| /* end confdefs.h.  */
| #include <ac_nonexistent.h>
configure:6778: checking for ANSI C header files
configure:6798: gcc -c -g -O2  conftest.c >&5
configure:6798: $? = 0
configure:6871: gcc -o conftest -g -O2   conftest.c  >&5
configure:6871: $? = 0
configure:6871: ./conftest
configure:6871: $? = 0
configure:6882: result: yes
configure:6895: checking for sys/types.h
configure:6895: gcc -c -g -O2  conftest.c >&5
configure:6895: $? = 0
configure:6895: result: yes
configure:6895: checking for sys/stat.h
configure:6895: gcc -c -g -O2  conftest.c >&5
configure:6895: $? = 0
configure:6895: result: yes
configure:6895: checking for stdlib.h
configure:6895: gcc -c -g -O2  conftest.c >&5
configure:6895: $? = 0
configure:6895: result: yes
configure:6895: checking for string.h
configure:6895: gcc -c -g -O2  conftest.c >&5
configure:6895: $? = 0
configure:6895: result: yes
configure:6895: checking for memory.h
configure:6895: gcc -c -g -O2  conftest.c >&5
configure:6895: $? = 0
configure:6895: result: yes
configure:6895: checking for strings.h
configure:6895: gcc -c -g -O2  conftest.c >&5
configure:6895: $? = 0
configure:6895: result: yes
configure:6895: checking for inttypes.h
configure:6895: gcc -c -g -O2  conftest.c >&5
configure:6895: $? = 0
configure:6895: result: yes
configure:6895: checking for stdint.h
configure:6895: gcc -c -g -O2  conftest.c >&5
configure:6895: $? = 0
configure:6895: result: yes
configure:6895: checking for unistd.h
configure:6895: gcc -c -g -O2  conftest.c >&5
configure:6895: $? = 0
configure:6895: result: yes
configure:6909: checking for dlfcn.h
configure:6909: gcc -c -g -O2  conftest.c >&5
configure:6909: $? = 0
configure:6909: result: yes
configure:7096: checking for objdir
configure:7111: result: .libs
configure:7378: checking if gcc supports -fno-rtti -fno-exceptions
configure:7396: gcc -c -g -O2  -fno-rtti -fno-exceptions conftest.c >&5
cc1: warning: command line option '-fno-rtti' is valid for C++/ObjC++ but not for C [enabled by default]
configure:7400: $? = 0
configure:7413: result: no
configure:7723: checking for gcc option to produce PIC
configure:7730: result: -fPIC -DPIC
configure:7738: checking if gcc PIC flag -fPIC -DPIC works
configure:7756: gcc -c -g -O2  -fPIC -DPIC -DPIC conftest.c >&5
configure:7760: $? = 0
configure:7773: result: yes
configure:7802: checking if gcc static flag -static works
configure:7830: result: yes
configure:7845: checking if gcc supports -c -o file.o
configure:7866: gcc -c -g -O2  -o out/conftest2.o conftest.c >&5
configure:7870: $? = 0
configure:7892: result: yes
configure:7900: checking if gcc supports -c -o file.o
configure:7947: result: yes
configure:7980: checking whether the gcc linker (/usr/bin/ld -m elf_x86_64) supports shared libraries
configure:9142: result: yes
configure:9179: checking whether -lc should be explicitly linked in
configure:9187: gcc -c -g -O2  conftest.c >&5
configure:9190: $? = 0
configure:9205: gcc -shared  -fPIC -DPIC conftest.o  -v -Wl,-soname -Wl,conftest -o conftest 2\>\&1 \| /bin/grep  -lc  \>/dev/null 2\>\&1
configure:9208: $? = 0
configure:9222: result: no
configure:9387: checking dynamic linker characteristics
configure:9902: gcc -o conftest -g -O2   -Wl,-rpath -Wl,/foo conftest.c  >&5
configure:9902: $? = 0
configure:10136: result: GNU/Linux ld.so
configure:10243: checking how to hardcode library paths into programs
configure:10268: result: immediate
configure:10808: checking whether stripping libraries is possible
configure:10813: result: yes
configure:10848: checking if libtool supports shared libraries
configure:10850: result: yes
configure:10853: checking whether to build shared libraries
configure:10874: result: yes
configure:10877: checking whether to build static libraries
configure:10881: result: yes
configure:10954: checking for a BSD-compatible install
configure:11022: result: /usr/bin/install -c
configure:11033: checking whether build environment is sane
configure:11083: result: yes
configure:11224: checking for a thread-safe mkdir -p
configure:11263: result: /bin/mkdir -p
configure:11272: checking whether make sets $(MAKE)
configure:11294: result: yes
configure:11324: checking for style of include used by make
configure:11352: result: GNU
configure:11437: checking dependency style of gcc
configure:11547: result: gcc3
configure:11695: creating ./config.status

## ---------------------- ##
## Running config.status. ##
## ---------------------- ##

This file was extended by thunar-plugin config.status 1.5.2, which was
generated by GNU Autoconf 2.68.  Invocation command line was

  CONFIG_FILES    = 
  CONFIG_HEADERS  = 
  CONFIG_LINKS    = 
  CONFIG_COMMANDS = 
  $ ./config.status 

on susw

config.status:1103: creating Makefile
config.status:1103: creating src/Makefile
config.status:1103: creating config.h
config.status:1284: config.h is unchanged
config.status:1332: executing libtool commands
config.status:1332: executing depfiles commands
configure:13985: checking for gcc
configure:14012: result: gcc
configure:14241: checking for C compiler version
configure:14250: gcc --version >&5
gcc (Ubuntu/Linaro 4.6.1-9ubuntu3) 4.6.1
Copyright (C) 2011 Free Software Foundation, Inc.
This is free software; see the source for copying conditions.  There is NO
warranty; not even for MERCHANTABILITY or FITNESS FOR A PARTICULAR PURPOSE.

configure:14261: $? = 0
configure:14250: gcc -v >&5
Using built-in specs.
COLLECT_GCC=gcc
COLLECT_LTO_WRAPPER=/usr/lib/gcc/x86_64-linux-gnu/4.6.1/lto-wrapper
Target: x86_64-linux-gnu
Configured with: ../src/configure -v --with-pkgversion='Ubuntu/Linaro 4.6.1-9ubuntu3' --with-bugurl=file:///usr/share/doc/gcc-4.6/README.Bugs --enable-languages=c,c++,fortran,objc,obj-c++,go --prefix=/usr --program-suffix=-4.6 --enable-shared --enable-linker-build-id --with-system-zlib --libexecdir=/usr/lib --without-included-gettext --enable-threads=posix --with-gxx-include-dir=/usr/include/c++/4.6 --libdir=/usr/lib --enable-nls --with-sysroot=/ --enable-clocale=gnu --enable-libstdcxx-debug --enable-libstdcxx-time=yes --enable-plugin --enable-objc-gc --disable-werror --with-arch-32=i686 --with-tune=generic --enable-checking=release --build=x86_64-linux-gnu --host=x86_64-linux-gnu --target=x86_64-linux-gnu
Thread model: posix
gcc version 4.6.1 (Ubuntu/Linaro 4.6.1-9ubuntu3) 
configure:14261: $? = 0
configure:14250: gcc -V >&5
gcc: error: unrecognized option '-V'
gcc: fatal error: no input files
compilation terminated.
configure:14261: $? = 4
configure:14250: gcc -qversion >&5
gcc: error: unrecognized option '-qversion'
gcc: fatal error: no input files
compilation terminated.
configure:14261: $? = 4
configure:14265: checking whether we are using the GNU C compiler
configure:14293: result: yes
configure:14302: checking whether gcc accepts -g
configure:14363: result: yes
configure:14380: checking for gcc option to accept ISO C89
configure:14457: result: none needed
configure:14521: checking for ranlib
configure:14548: result: ranlib
configure:14571: checking whether gcc and cc understand -c and -o together
configure:14602: gcc -c conftest.c -o conftest2.o >&5
configure:14606: $? = 0
configure:14612: gcc -c conftest.c -o conftest2.o >&5
configure:14616: $? = 0
configure:14627: cc -c conftest.c >&5
configure:14631: $? = 0
configure:14639: cc -c conftest.c -o conftest2.o >&5
configure:14643: $? = 0
configure:14649: cc -c conftest.c -o conftest2.o >&5
configure:14653: $? = 0
configure:14671: result: yes
configure:14703: checking for memory.h
configure:14703: result: yes
configure:14703: checking for string.h
configure:14703: result: yes
configure:14852: creating ./config.status

## ---------------------- ##
## Running config.status. ##
## ---------------------- ##

This file was extended by thunar-plugin config.status 1.5.2, which was
generated by GNU Autoconf 2.68.  Invocation command line was

  CONFIG_FILES    = 
  CONFIG_HEADERS  = 
  CONFIG_LINKS    = 
  CONFIG_COMMANDS = 
  $ ./config.status 

on susw

config.status:1106: creating Makefile
config.status:1106: creating src/Makefile
config.status:1106: creating config.h
config.status:1287: config.h is unchanged
config.status:1335: executing libtool commands
config.status:1335: executing depfiles commands

## ---------------- ##
## Cache variables. ##
## ---------------- ##

ac_cv_build=x86_64-unknown-linux-gnu
ac_cv_c_compiler_gnu=yes
ac_cv_env_CC_set=
ac_cv_env_CC_value=
ac_cv_env_CFLAGS_set=
ac_cv_env_CFLAGS_value=
ac_cv_env_CPPFLAGS_set=
ac_cv_env_CPPFLAGS_value=
ac_cv_env_CPP_set=
ac_cv_env_CPP_value=
ac_cv_env_GLIBDEPS_CFLAGS_set=
ac_cv_env_GLIBDEPS_CFLAGS_value=
ac_cv_env_GLIBDEPS_LIBS_set=
ac_cv_env_GLIBDEPS_LIBS_value=
ac_cv_env_LDFLAGS_set=
ac_cv_env_LDFLAGS_value=
ac_cv_env_LIBS_set=
ac_cv_env_LIBS_value=
ac_cv_env_PKG_CONFIG_LIBDIR_set=
ac_cv_env_PKG_CONFIG_LIBDIR_value=
ac_cv_env_PKG_CONFIG_PATH_set=
ac_cv_env_PKG_CONFIG_PATH_value=
ac_cv_env_PKG_CONFIG_set=
ac_cv_env_PKG_CONFIG_value=
ac_cv_env_THUNARXDEPS_CFLAGS_set=
ac_cv_env_THUNARXDEPS_CFLAGS_value=
ac_cv_env_THUNARXDEPS_LIBS_set=
ac_cv_env_THUNARXDEPS_LIBS_value=
ac_cv_env_build_alias_set=
ac_cv_env_build_alias_value=
ac_cv_env_host_alias_set=
ac_cv_env_host_alias_value=
ac_cv_env_target_alias_set=
ac_cv_env_target_alias_value=
ac_cv_header_dlfcn_h=yes
ac_cv_header_inttypes_h=yes
ac_cv_header_memory_h=yes
ac_cv_header_stdc=yes
ac_cv_header_stdint_h=yes
ac_cv_header_stdlib_h=yes
ac_cv_header_string_h=yes
ac_cv_header_strings_h=yes
ac_cv_header_sys_stat_h=yes
ac_cv_header_sys_types_h=yes
ac_cv_header_unistd_h=yes
ac_cv_host=x86_64-unknown-linux-gnu
ac_cv_objext=o
ac_cv_path_EGREP='/bin/grep -E'
ac_cv_path_FGREP='/bin/grep -F'
ac_cv_path_GREP=/bin/grep
ac_cv_path_SED=/bin/sed
ac_cv_path_ac_pt_PKG_CONFIG=/usr/bin/pkg-config
ac_cv_path_install='/usr/bin/install -c'
ac_cv_path_mkdir=/bin/mkdir
ac_cv_prog_AWK=gawk
ac_cv_prog_CPP='gcc -E'
ac_cv_prog_ac_ct_AR=ar
ac_cv_prog_ac_ct_CC=gcc
ac_cv_prog_ac_ct_MANIFEST_TOOL=mt
ac_cv_prog_ac_ct_OBJDUMP=objdump
ac_cv_prog_ac_ct_RANLIB=ranlib
ac_cv_prog_ac_ct_STRIP=strip
ac_cv_prog_cc_c89=
ac_cv_prog_cc_g=yes
ac_cv_prog_cc_gcc_c_o=yes
ac_cv_prog_make_make_set=yes
am_cv_CC_dependencies_compiler_type=gcc3
lt_cv_ar_at_file=@
lt_cv_archive_cmds_need_lc=no
lt_cv_deplibs_check_method=pass_all
lt_cv_file_magic_cmd='$MAGIC_CMD'
lt_cv_file_magic_test_file=
lt_cv_ld_reload_flag=-r
lt_cv_nm_interface='BSD nm'
lt_cv_objdir=.libs
lt_cv_path_LD=/usr/bin/ld
lt_cv_path_NM='/usr/bin/nm -B'
lt_cv_path_mainfest_tool=no
lt_cv_prog_compiler_c_o=yes
lt_cv_prog_compiler_pic='-fPIC -DPIC'
lt_cv_prog_compiler_pic_works=yes
lt_cv_prog_compiler_rtti_exceptions=no
lt_cv_prog_compiler_static_works=yes
lt_cv_prog_gnu_ld=yes
lt_cv_sharedlib_from_linklib_cmd='printf %s\n'
lt_cv_shlibpath_overrides_runpath=no
lt_cv_sys_global_symbol_pipe='sed -n -e '\''s/^.*[	 ]\([ABCDGIRSTW][ABCDGIRSTW]*\)[	 ][	 ]*\([_A-Za-z][_A-Za-z0-9]*\)$/\1 \2 \2/p'\'' | sed '\''/ __gnu_lto/d'\'''
lt_cv_sys_global_symbol_to_c_name_address='sed -n -e '\''s/^: \([^ ]*\)[ ]*$/  {\"\1\", (void *) 0},/p'\'' -e '\''s/^[ABCDGIRSTW]* \([^ ]*\) \([^ ]*\)$/  {"\2", (void *) \&\2},/p'\'''
lt_cv_sys_global_symbol_to_c_name_address_lib_prefix='sed -n -e '\''s/^: \([^ ]*\)[ ]*$/  {\"\1\", (void *) 0},/p'\'' -e '\''s/^[ABCDGIRSTW]* \([^ ]*\) \(lib[^ ]*\)$/  {"\2", (void *) \&\2},/p'\'' -e '\''s/^[ABCDGIRSTW]* \([^ ]*\) \([^ ]*\)$/  {"lib\2", (void *) \&\2},/p'\'''
lt_cv_sys_global_symbol_to_cdecl='sed -n -e '\''s/^T .* \(.*\)$/extern int \1();/p'\'' -e '\''s/^[ABCDGIRSTW]* .* \(.*\)$/extern char \1;/p'\'''
lt_cv_sys_max_cmd_len=1572864
lt_cv_to_host_file_cmd=func_convert_file_noop
lt_cv_to_tool_file_cmd=func_convert_file_noop
pkg_cv_GLIBDEPS_CFLAGS='-I/usr/include/glib-2.0 -I/usr/lib/x86_64-linux-gnu/glib-2.0/include  '
pkg_cv_GLIBDEPS_LIBS='-lglib-2.0  '
pkg_cv_THUNARXDEPS_CFLAGS='-pthread -I/usr/include/gtk-2.0 -I/usr/lib/x86_64-linux-gnu/gtk-2.0/include -I/usr/include/atk-1.0 -I/usr/include/cairo -I/usr/include/gdk-pixbuf-2.0 -I/usr/include/pango-1.0 -I/usr/include/gio-unix-2.0/ -I/usr/include/glib-2.0 -I/usr/lib/x86_64-linux-gnu/glib-2.0/include -I/usr/include/pixman-1 -I/usr/include/freetype2 -I/usr/include/libpng12 -I/usr/include/thunarx-2  '
pkg_cv_THUNARXDEPS_LIBS='-pthread -lthunarx-2 -lgtk-x11-2.0 -lgdk-x11-2.0 -latk-1.0 -lgio-2.0 -lpangoft2-1.0 -lpangocairo-1.0 -lgdk_pixbuf-2.0 -lcairo -lpango-1.0 -lfreetype -lfontconfig -lgobject-2.0 -lgmodule-2.0 -lgthread-2.0 -lrt -lglib-2.0  '

## ----------------- ##
## Output variables. ##
## ----------------- ##

ACLOCAL='${SHELL} /home/susw/projects/pagavcs/trunk/thunar-pagavcs/missing --run aclocal-1.11'
AMDEPBACKSLASH='\'
AMDEP_FALSE='#'
AMDEP_TRUE=''
AMTAR='${SHELL} /home/susw/projects/pagavcs/trunk/thunar-pagavcs/missing --run tar'
AR='ar'
AUTOCONF='${SHELL} /home/susw/projects/pagavcs/trunk/thunar-pagavcs/missing --run autoconf'
AUTOHEADER='${SHELL} /home/susw/projects/pagavcs/trunk/thunar-pagavcs/missing --run autoheader'
AUTOMAKE='${SHELL} /home/susw/projects/pagavcs/trunk/thunar-pagavcs/missing --run automake-1.11'
AWK='gawk'
CC='gcc'
CCDEPMODE='depmode=gcc3'
CFLAGS='-g -O2'
CPP='gcc -E'
CPPFLAGS=''
CYGPATH_W='echo'
DEFS='-DHAVE_CONFIG_H'
DEPDIR='.deps'
DLLTOOL='false'
DSYMUTIL=''
DUMPBIN=''
ECHO_C=''
ECHO_N='-n'
ECHO_T=''
EGREP='/bin/grep -E'
EXEEXT=''
FGREP='/bin/grep -F'
GLIBDEPS_CFLAGS='-I/usr/include/glib-2.0 -I/usr/lib/x86_64-linux-gnu/glib-2.0/include  '
GLIBDEPS_LIBS='-lglib-2.0  '
GREP='/bin/grep'
INSTALL_DATA='${INSTALL} -m 644'
INSTALL_PROGRAM='${INSTALL}'
INSTALL_SCRIPT='${INSTALL}'
INSTALL_STRIP_PROGRAM='$(install_sh) -c -s'
LD='/usr/bin/ld -m elf_x86_64'
LDFLAGS=''
LIBOBJS=''
LIBS=''
LIBTOOL='$(SHELL) $(top_builddir)/libtool'
LIPO=''
LN_S='ln -s'
LTLIBOBJS=''
MAKEINFO='${SHELL} /home/susw/projects/pagavcs/trunk/thunar-pagavcs/missing --run makeinfo'
MANIFEST_TOOL=':'
MKDIR_P='/bin/mkdir -p'
NM='/usr/bin/nm -B'
NMEDIT=''
OBJDUMP='objdump'
OBJEXT='o'
OTOOL64=''
OTOOL=''
PACKAGE='thunar-plugin'
PACKAGE_BUGREPORT='pagavcs@gmail.com'
PACKAGE_NAME='thunar-plugin'
PACKAGE_STRING='thunar-plugin 1.5.2'
PACKAGE_TARNAME='thunar-plugin'
PACKAGE_URL=''
PACKAGE_VERSION='1.5.2'
PATH_SEPARATOR=':'
PKG_CONFIG='/usr/bin/pkg-config'
PKG_CONFIG_LIBDIR=''
PKG_CONFIG_PATH=''
RANLIB='ranlib'
SED='/bin/sed'
SET_MAKE=''
SHELL='/bin/bash'
STRIP='strip'
THUNARXDEPS_CFLAGS='-pthread -I/usr/include/gtk-2.0 -I/usr/lib/x86_64-linux-gnu/gtk-2.0/include -I/usr/include/atk-1.0 -I/usr/include/cairo -I/usr/include/gdk-pixbuf-2.0 -I/usr/include/pango-1.0 -I/usr/include/gio-unix-2.0/ -I/usr/include/glib-2.0 -I/usr/lib/x86_64-linux-gnu/glib-2.0/include -I/usr/include/pixman-1 -I/usr/include/freetype2 -I/usr/include/libpng12 -I/usr/include/thunarx-2  '
THUNARXDEPS_LIBS='-pthread -lthunarx-2 -lgtk-x11-2.0 -lgdk-x11-2.0 -latk-1.0 -lgio-2.0 -lpangoft2-1.0 -lpangocairo-1.0 -lgdk_pixbuf-2.0 -lcairo -lpango-1.0 -lfreetype -lfontconfig -lgobject-2.0 -lgmodule-2.0 -lgthread-2.0 -lrt -lglib-2.0  '
THUNARX_API_VERSION='2'
THUNARX_EXTENSION_DIR='/usr/lib/thunarx-2'
THUNARX_LIBDIR='/usr/lib'
VERSION='1.5.2'
ac_ct_AR='ar'
ac_ct_CC='gcc'
ac_ct_DUMPBIN=''
am__EXEEXT_FALSE=''
am__EXEEXT_TRUE='#'
am__fastdepCC_FALSE='#'
am__fastdepCC_TRUE=''
am__include='include'
am__isrc=''
am__leading_dot='.'
am__quote=''
am__tar='${AMTAR} chof - "$$tardir"'
am__untar='${AMTAR} xf -'
bindir='${exec_prefix}/bin'
build='x86_64-unknown-linux-gnu'
build_alias=''
build_cpu='x86_64'
build_os='linux-gnu'
build_vendor='unknown'
datadir='${datarootdir}'
datarootdir='${prefix}/share'
docdir='${datarootdir}/doc/${PACKAGE_TARNAME}'
dvidir='${docdir}'
exec_prefix='${prefix}'
host='x86_64-unknown-linux-gnu'
host_alias=''
host_cpu='x86_64'
host_os='linux-gnu'
host_vendor='unknown'
htmldir='${docdir}'
includedir='${prefix}/include'
infodir='${datarootdir}/info'
install_sh='${SHELL} /home/susw/projects/pagavcs/trunk/thunar-pagavcs/install-sh'
libdir='${exec_prefix}/lib'
libexecdir='${exec_prefix}/libexec'
localedir='${datarootdir}/locale'
localstatedir='${prefix}/var'
mandir='${datarootdir}/man'
mkdir_p='/bin/mkdir -p'
oldincludedir='/usr/include'
pdfdir='${docdir}'
prefix='/usr'
program_transform_name='s,x,x,'
psdir='${docdir}'
sbindir='${exec_prefix}/sbin'
sharedstatedir='${prefix}/com'
sysconfdir='${prefix}/etc'
target_alias=''

## ----------- ##
## confdefs.h. ##
## ----------- ##

/* confdefs.h */
#define PACKAGE_NAME "thunar-plugin"
#define PACKAGE_TARNAME "thunar-plugin"
#define PACKAGE_VERSION "1.5.2"
#define PACKAGE_STRING "thunar-plugin 1.5.2"
#define PACKAGE_BUGREPORT "pagavcs@gmail.com"
#define PACKAGE_URL ""
#define STDC_HEADERS 1
#define HAVE_SYS_TYPES_H 1
#define HAVE_SYS_STAT_H 1
#define HAVE_STDLIB_H 1
#define HAVE_STRING_H 1
#define HAVE_MEMORY_H 1
#define HAVE_STRINGS_H 1
#define HAVE_INTTYPES_H 1
#define HAVE_STDINT_H 1
#define HAVE_UNISTD_H 1
#define HAVE_DLFCN_H 1
#define LT_OBJDIR ".libs/"
#define THUNARX_LIBDIR "/usr/lib"
#define THUNARX_EXTENSION_DIR "/usr/lib/thunarx-2"
#define PACKAGE "thunar-plugin"
#define VERSION "1.5.2"
#define HAVE_MEMORY_H 1
#define HAVE_STRING_H 1

configure: exit 0

## ---------------------- ##
## Running config.status. ##
## ---------------------- ##

This file was extended by thunar-plugin config.status 1.5.2, which was
generated by GNU Autoconf 2.68.  Invocation command line was

  CONFIG_FILES    = 
  CONFIG_HEADERS  = 
  CONFIG_LINKS    = 
  CONFIG_COMMANDS = 
  $ ./config.status Makefile

on susw

config.status:1106: creating Makefile

## ---------------------- ##
## Running config.status. ##
## ---------------------- ##

This file was extended by thunar-plugin config.status 1.5.2, which was
generated by GNU Autoconf 2.68.  Invocation command line was

  CONFIG_FILES    = 
  CONFIG_HEADERS  = 
  CONFIG_LINKS    = 
  CONFIG_COMMANDS = 
  $ ./config.status src/Makefile depfiles

on susw

config.status:1106: creating src/Makefile
config.status:1335: executing depfiles commands

## ---------------------- ##
## Running config.status. ##
## ---------------------- ##

This file was extended by thunar-plugin config.status 1.5.2, which was
generated by GNU Autoconf 2.68.  Invocation command line was

  CONFIG_FILES    = 
  CONFIG_HEADERS  = 
  CONFIG_LINKS    = 
  CONFIG_COMMANDS = 
  $ ./config.status Makefile

on susw

config.status:1106: creating Makefile

## ---------------------- ##
## Running config.status. ##
## ---------------------- ##

This file was extended by thunar-plugin config.status 1.5.2, which was
generated by GNU Autoconf 2.68.  Invocation command line was

  CONFIG_FILES    = 
  CONFIG_HEADERS  = 
  CONFIG_LINKS    = 
  CONFIG_COMMANDS = 
  $ ./config.status src/Makefile depfiles

on susw

config.status:1106: creating src/Makefile
config.status:1335: executing depfiles commands

## ---------------------- ##
## Running config.status. ##
## ---------------------- ##

This file was extended by thunar-plugin config.status 1.5.2, which was
generated by GNU Autoconf 2.68.  Invocation command line was

  CONFIG_FILES    = 
  CONFIG_HEADERS  = 
  CONFIG_LINKS    = 
  CONFIG_COMMANDS = 
  $ ./config.status src/Makefile depfiles

on susw

config.status:1106: creating src/Makefile
config.status:1335: executing depfiles commands

## ---------------------- ##
## Running config.status. ##
## ---------------------- ##

This file was extended by thunar-plugin config.status 1.5.2, which was
generated by GNU Autoconf 2.68.  Invocation command line was

  CONFIG_FILES    = 
  CONFIG_HEADERS  = 
  CONFIG_LINKS    = 
  CONFIG_COMMANDS = 
  $ ./config.status Makefile

on susw

config.status:1106: creating Makefile

## ---------------------- ##
## Running config.status. ##
## ---------------------- ##

This file was extended by thunar-plugin config.status 1.5.2, which was
generated by GNU Autoconf 2.68.  Invocation command line was

  CONFIG_FILES    = 
  CONFIG_HEADERS  = 
  CONFIG_LINKS    = 
  CONFIG_COMMANDS = 
  $ ./config.status src/Makefile depfiles

on susw

config.status:1106: creating src/Makefile
config.status:1335: executing depfiles commands
